#
# There is insufficient memory for the Java Runtime Environment to continue.
# Native memory allocation (malloc) failed to allocate 14155776 bytes for committing reserved memory.
# Possible reasons:
#   The system is out of physical RAM or swap space
#   In 32 bit mode, the process size limit was hit
# Possible solutions:
#   Reduce memory load on the system
#   Increase physical memory or swap space
#   Check if swap backing store is full
#   Use 64 bit Java on a 64 bit OS
#   Decrease Java heap size (-Xmx/-Xms)
#   Decrease number of Java threads
#   Decrease Java thread stack sizes (-Xss)
#   Set larger code cache with -XX:ReservedCodeCacheSize=
# This output file may be truncated or incomplete.
#
#  Out of Memory Error (os_linux.cpp:2809), pid=10883, tid=140602604562176
#
# JRE version: OpenJDK Runtime Environment (7.0_79-b14) (build 1.7.0_79-b14)
# Java VM: OpenJDK 64-Bit Server VM (24.79-b02 mixed mode linux-amd64 compressed oops)
# Derivative: IcedTea 2.5.5
# Distribution: Ubuntu 14.04 LTS, package 7u79-2.5.5-0ubuntu0.14.04.2
# Failed to write core dump. Core dumps have been disabled. To enable core dumping, try "ulimit -c unlimited" before starting Java again
#

---------------  T H R E A D  ---------------

Current thread (0x00007fe0a0076000):  VMThread [stack: 0x00007fe0983ca000,0x00007fe0984cb000] [id=10891]

Stack: [0x00007fe0983ca000,0x00007fe0984cb000],  sp=0x00007fe0984c9490,  free space=1021k
Native frames: (J=compiled Java code, j=interpreted, Vv=VM code, C=native code)
V  [libjvm.so+0x94aec5]  VMError::report_and_die()+0x175
V  [libjvm.so+0x48b9c4]  report_vm_out_of_memory(char const*, int, unsigned long, char const*)+0x74
V  [libjvm.so+0x7c806b]  os::pd_commit_memory(char*, unsigned long, unsigned long, bool)+0xeb
V  [libjvm.so+0x7c2b0f]  os::commit_memory(char*, unsigned long, unsigned long, bool)+0x1f
V  [libjvm.so+0x83500b]  PSVirtualSpace::expand_by(unsigned long)+0x5b
V  [libjvm.so+0x835e60]  PSYoungGen::resize_generation(unsigned long, unsigned long)+0xb0
V  [libjvm.so+0x83654b]  PSYoungGen::resize(unsigned long, unsigned long)+0x1b
V  [libjvm.so+0x832830]  PSScavenge::invoke_no_policy()+0xde0
V  [libjvm.so+0x833008]  PSScavenge::invoke()+0x38
V  [libjvm.so+0x7e96f3]  ParallelScavengeHeap::failed_mem_allocate(unsigned long)+0x63
V  [libjvm.so+0x94c8c4]  VM_ParallelGCFailedAllocation::doit()+0x84
V  [libjvm.so+0x950dc7]  VM_Operation::evaluate()+0x47
V  [libjvm.so+0x94f738]  VMThread::evaluate_operation(VM_Operation*)+0x318
V  [libjvm.so+0x94fb99]  VMThread::loop()+0x219
V  [libjvm.so+0x94ffe2]  VMThread::run()+0x72
V  [libjvm.so+0x7c4f32]  java_start(Thread*)+0xf2

VM_Operation (0x00007fe06a17ef40): ParallelGCFailedAllocation, mode: safepoint, requested by thread 0x00000000018a3000


---------------  P R O C E S S  ---------------

Java Threads: ( => current thread )
  0x00007fe064051000 JavaThread "async-dispatch-46" daemon [_thread_blocked, id=10997, stack(0x00007fe0568dd000,0x00007fe0569de000)]
  0x00007fe06404f000 JavaThread "async-dispatch-45" daemon [_thread_blocked, id=10996, stack(0x00007fe0569de000,0x00007fe056adf000)]
  0x00007fe06404d800 JavaThread "async-dispatch-44" daemon [_thread_blocked, id=10995, stack(0x00007fe056adf000,0x00007fe056be0000)]
  0x00007fe06404b800 JavaThread "async-dispatch-43" daemon [_thread_blocked, id=10994, stack(0x00007fe056be0000,0x00007fe056ce1000)]
  0x00007fe064049800 JavaThread "async-dispatch-42" daemon [_thread_blocked, id=10993, stack(0x00007fe056ce1000,0x00007fe056de2000)]
  0x00007fe064047800 JavaThread "async-dispatch-41" daemon [_thread_blocked, id=10992, stack(0x00007fe057cfd000,0x00007fe057dfe000)]
  0x00007fe064045800 JavaThread "async-dispatch-40" daemon [_thread_blocked, id=10991, stack(0x00007fe057dfe000,0x00007fe057eff000)]
  0x00007fe064043800 JavaThread "async-dispatch-39" daemon [_thread_blocked, id=10979, stack(0x00007fe057eff000,0x00007fe058000000)]
  0x00007fe064041800 JavaThread "async-dispatch-38" daemon [_thread_blocked, id=10975, stack(0x00007fe068a6c000,0x00007fe068b6d000)]
  0x00007fe06403f800 JavaThread "async-dispatch-37" daemon [_thread_blocked, id=10974, stack(0x00007fe068b6d000,0x00007fe068c6e000)]
  0x00007fe06403d800 JavaThread "async-dispatch-36" daemon [_thread_blocked, id=10970, stack(0x00007fe068c6e000,0x00007fe068d6f000)]
  0x00007fe06403b800 JavaThread "async-dispatch-35" daemon [_thread_blocked, id=10969, stack(0x00007fe056de2000,0x00007fe056ee3000)]
  0x00007fe064039800 JavaThread "async-dispatch-34" daemon [_thread_blocked, id=10968, stack(0x00007fe056ee3000,0x00007fe056fe4000)]
  0x00007fe064037800 JavaThread "async-dispatch-33" daemon [_thread_blocked, id=10967, stack(0x00007fe056fe4000,0x00007fe0570e5000)]
  0x00007fe064035800 JavaThread "async-dispatch-32" daemon [_thread_blocked, id=10965, stack(0x00007fe0570e5000,0x00007fe0571e6000)]
  0x00007fe064033800 JavaThread "async-dispatch-31" daemon [_thread_blocked, id=10964, stack(0x00007fe0571e6000,0x00007fe0572e7000)]
  0x00007fe064031000 JavaThread "async-dispatch-30" daemon [_thread_blocked, id=10963, stack(0x00007fe0572e7000,0x00007fe0573e8000)]
  0x00007fe06402f000 JavaThread "async-dispatch-29" daemon [_thread_blocked, id=10962, stack(0x00007fe0573e8000,0x00007fe0574e9000)]
  0x00007fe06402d000 JavaThread "async-dispatch-28" daemon [_thread_blocked, id=10961, stack(0x00007fe0574e9000,0x00007fe0575ea000)]
  0x00007fe06402b000 JavaThread "async-dispatch-27" daemon [_thread_blocked, id=10960, stack(0x00007fe0575ea000,0x00007fe0576eb000)]
  0x00007fe064029000 JavaThread "async-dispatch-26" daemon [_thread_blocked, id=10959, stack(0x00007fe0576eb000,0x00007fe0577ec000)]
  0x00007fe064027800 JavaThread "async-dispatch-25" daemon [_thread_blocked, id=10958, stack(0x00007fe0577ec000,0x00007fe0578ed000)]
  0x00007fe064025800 JavaThread "async-dispatch-24" daemon [_thread_blocked, id=10952, stack(0x00007fe0578ed000,0x00007fe0579ee000)]
  0x00007fe064025000 JavaThread "async-dispatch-23" daemon [_thread_blocked, id=10950, stack(0x00007fe057aef000,0x00007fe057bf0000)]
  0x00007fe064022000 JavaThread "async-dispatch-22" daemon [_thread_blocked, id=10949, stack(0x00007fe057bf0000,0x00007fe057cf1000)]
  0x00007fe064020000 JavaThread "async-dispatch-21" daemon [_thread_blocked, id=10948, stack(0x00007fe06801e000,0x00007fe06811f000)]
  0x00007fe05c01c800 JavaThread "async-dispatch-20" daemon [_thread_blocked, id=10946, stack(0x00007fe068220000,0x00007fe068321000)]
  0x00007fe06401e000 JavaThread "async-dispatch-19" daemon [_thread_blocked, id=10945, stack(0x00007fe068321000,0x00007fe068422000)]
  0x00007fe06401c000 JavaThread "async-dispatch-18" daemon [_thread_blocked, id=10944, stack(0x00007fe068422000,0x00007fe068523000)]
  0x00007fe06401a800 JavaThread "async-dispatch-17" daemon [_thread_blocked, id=10943, stack(0x00007fe068523000,0x00007fe068624000)]
  0x00007fe064018800 JavaThread "async-dispatch-16" daemon [_thread_blocked, id=10942, stack(0x00007fe068624000,0x00007fe068725000)]
  0x00007fe064016800 JavaThread "async-dispatch-15" daemon [_thread_blocked, id=10941, stack(0x00007fe068725000,0x00007fe068826000)]
  0x00007fe064013800 JavaThread "async-dispatch-14" daemon [_thread_blocked, id=10940, stack(0x00007fe068826000,0x00007fe068927000)]
  0x00007fe064012800 JavaThread "async-dispatch-13" daemon [_thread_blocked, id=10939, stack(0x00007fe068927000,0x00007fe068a28000)]
  0x00007fe08000b000 JavaThread "worker-4" daemon [_thread_blocked, id=10938, stack(0x00007fe068d6f000,0x00007fe068e70000)]
  0x00007fe080009000 JavaThread "worker-3" daemon [_thread_blocked, id=10937, stack(0x00007fe068e70000,0x00007fe068f71000)]
  0x00007fe080005000 JavaThread "worker-2" daemon [_thread_blocked, id=10936, stack(0x00007fe068f71000,0x00007fe069072000)]
  0x00007fe06400f800 JavaThread "async-dispatch-12" daemon [_thread_blocked, id=10934, stack(0x00007fe069072000,0x00007fe069173000)]
  0x00007fe06400d800 JavaThread "async-dispatch-11" daemon [_thread_blocked, id=10933, stack(0x00007fe069173000,0x00007fe069274000)]
  0x00007fe080003800 JavaThread "worker-1" daemon [_thread_blocked, id=10932, stack(0x00007fe069274000,0x00007fe069375000)]
  0x00007fe06400c000 JavaThread "async-dispatch-10" daemon [_thread_blocked, id=10931, stack(0x00007fe069375000,0x00007fe069476000)]
  0x00007fe06400a800 JavaThread "async-dispatch-9" daemon [_thread_blocked, id=10930, stack(0x00007fe069476000,0x00007fe069577000)]
  0x00007fe064008800 JavaThread "async-dispatch-8" daemon [_thread_blocked, id=10929, stack(0x00007fe069577000,0x00007fe069678000)]
  0x00007fe064006800 JavaThread "async-dispatch-7" daemon [_thread_blocked, id=10928, stack(0x00007fe069678000,0x00007fe069779000)]
  0x00007fe064005000 JavaThread "async-dispatch-6" daemon [_thread_blocked, id=10927, stack(0x00007fe069779000,0x00007fe06987a000)]
  0x00007fe064003000 JavaThread "async-dispatch-5" daemon [_thread_blocked, id=10926, stack(0x00007fe06987a000,0x00007fe06997b000)]
  0x00007fe064001800 JavaThread "async-dispatch-4" daemon [_thread_blocked, id=10925, stack(0x00007fe06997b000,0x00007fe069a7c000)]
  0x00007fe0a000f000 JavaThread "DestroyJavaVM" [_thread_blocked, id=10885, stack(0x00007fe0a6c18000,0x00007fe0a6d19000)]
  0x00007fe0a06aa000 JavaThread "server-loop" [_thread_in_native, id=10924, stack(0x00007fe069a7c000,0x00007fe069b7d000)]
  0x00007fe0a0683000 JavaThread "async-dispatch-3" daemon [_thread_blocked, id=10923, stack(0x00007fe069b7d000,0x00007fe069c7e000)]
  0x00007fe0a0680000 JavaThread "async-dispatch-2" daemon [_thread_blocked, id=10922, stack(0x00007fe069c7e000,0x00007fe069d7f000)]
  0x00007fe0a0674800 JavaThread "async-dispatch-1" daemon [_thread_blocked, id=10921, stack(0x00007fe069d7f000,0x00007fe069e80000)]
  0x00000000018a6800 JavaThread "pool-1-thread-6" [_thread_blocked, id=10920, stack(0x00007fe069e80000,0x00007fe069f81000)]
  0x00000000018a4800 JavaThread "pool-1-thread-5" [_thread_blocked, id=10919, stack(0x00007fe069f81000,0x00007fe06a082000)]
  0x00000000018a3000 JavaThread "pool-1-thread-4" [_thread_blocked, id=10918, stack(0x00007fe06a082000,0x00007fe06a183000)]
  0x00000000018a0800 JavaThread "pool-1-thread-3" [_thread_blocked, id=10917, stack(0x00007fe06a183000,0x00007fe06a284000)]
  0x00007fe0a065c000 JavaThread "pool-1-thread-2" [_thread_blocked, id=10908, stack(0x00007fe06a284000,0x00007fe06a385000)]
  0x00007fe0a0656000 JavaThread "AMQP Connection 10.72.7.98:5672" [_thread_blocked, id=10907, stack(0x00007fe06a385000,0x00007fe06a486000)]
  0x00007fe0a00d8800 JavaThread "clojure.core.async.timers/timeout-daemon" daemon [_thread_blocked, id=10899, stack(0x00007fe090038000,0x00007fe090139000)]
  0x00007fe0a00af000 JavaThread "Service Thread" daemon [_thread_blocked, id=10897, stack(0x00007fe091c1b000,0x00007fe091d1c000)]
  0x00007fe0a00ac800 JavaThread "C1 CompilerThread1" daemon [_thread_blocked, id=10896, stack(0x00007fe091d1c000,0x00007fe091e1d000)]
  0x00007fe0a00a9800 JavaThread "C2 CompilerThread0" daemon [_thread_blocked, id=10895, stack(0x00007fe091e1d000,0x00007fe091f1e000)]
  0x00007fe0a00a7800 JavaThread "Signal Dispatcher" daemon [_thread_blocked, id=10894, stack(0x00007fe0980c7000,0x00007fe0981c8000)]
  0x00007fe0a007c800 JavaThread "Finalizer" daemon [_thread_blocked, id=10893, stack(0x00007fe0981c8000,0x00007fe0982c9000)]
  0x00007fe0a007a800 JavaThread "Reference Handler" daemon [_thread_blocked, id=10892, stack(0x00007fe0982c9000,0x00007fe0983ca000)]

Other Threads:
=>0x00007fe0a0076000 VMThread [stack: 0x00007fe0983ca000,0x00007fe0984cb000] [id=10891]
  0x00007fe0a00ba000 WatcherThread [stack: 0x00007fe091b1a000,0x00007fe091c1b000] [id=10898]

VM state:at safepoint (normal execution)

VM Mutex/Monitor currently owned by a thread:  ([mutex/lock_event])
[0x00007fe0a000b3d0] Threads_lock - owner thread: 0x00007fe0a0076000
[0x00007fe0a000b8d0] Heap_lock - owner thread: 0x00000000018a3000

Heap
 PSYoungGen      total 150016K, used 1120K [0x00000000f2200000, 0x00000000fbc00000, 0x0000000100000000)
  eden space 147456K, 0% used [0x00000000f2200000,0x00000000f2200000,0x00000000fb200000)
  from space 2560K, 43% used [0x00000000fb200000,0x00000000fb318000,0x00000000fb480000)
  to   space 3072K, 0% used [0x00000000fb480000,0x00000000fb480000,0x00000000fb780000)
 ParOldGen       total 39936K, used 21865K [0x00000000d6600000, 0x00000000d8d00000, 0x00000000f2200000)
  object space 39936K, 54% used [0x00000000d6600000,0x00000000d7b5a5f8,0x00000000d8d00000)
 PSPermGen       total 80896K, used 40461K [0x00000000cc000000, 0x00000000d0f00000, 0x00000000d6600000)
  object space 80896K, 50% used [0x00000000cc000000,0x00000000ce7836f8,0x00000000d0f00000)

Card table byte_map: [0x00007fe0994a4000,0x00007fe099645000] byte_map_base: 0x00007fe098e44000

Polling page: 0x00007fe0a6d31000

Code Cache  [0x00007fe0997c5000, 0x00007fe09a105000, 0x00007fe09f7c5000)
 total_blobs=4291 nmethods=3918 adapters=308 free_code_cache=88893Kb largest_free_block=91023616

Compilation events (10 events):
Event: 7548.723 Thread 0x00007fe0a00ac800 3950  s    1       java.io.BufferedOutputStream::write (35 bytes)
Event: 7548.755 Thread 0x00007fe0a00ac800 nmethod 3950 0x00007fe09a0f3850 code [0x00007fe09a0f39c0, 0x00007fe09a0f3d08]
Event: 7750.342 Thread 0x00007fe0a00ac800 3951       1       java.util.concurrent.SynchronousQueue$TransferStack$SNode::isCancelled (14 bytes)
Event: 7751.053 Thread 0x00007fe0a00ac800 nmethod 3951 0x00007fe09a0f3e50 code [0x00007fe09a0f3fa0, 0x00007fe09a0f40f0]
Event: 7752.401 Thread 0x00007fe0a00ac800 3953  s!   1       java.net.AbstractPlainSocketImpl::available (75 bytes)
Event: 7757.675 Thread 0x00007fe0a00ac800 nmethod 3953 0x00007fe09a0f4150 code [0x00007fe09a0f4320, 0x00007fe09a0f5098]
Event: 7758.158 Thread 0x00007fe0a00ac800 3952       1       java.net.SocketInputStream::available (8 bytes)
Event: 7764.359 Thread 0x00007fe0a00ac800 nmethod 3952 0x00007fe09a0f5610 code [0x00007fe09a0f5780, 0x00007fe09a0f58e8]
Event: 9092.065 Thread 0x00007fe0a00ac800 3955 %     1       clojure.core.async.impl.timers$timeout_worker::invoke @ 7 (103 bytes)
Event: 9118.885 Thread 0x00007fe0a00ac800 nmethod 3955% 0x00007fe09a0f5d10 code [0x00007fe09a0f5ee0, 0x00007fe09a0f6398]

GC Heap History (10 events):
Event: 7780.984 GC heap after
Heap after GC invocations=49 (full 1):
 PSYoungGen      total 88064K, used 992K [0x00000000f2200000, 0x00000000fba80000, 0x0000000100000000)
  eden space 87040K, 0% used [0x00000000f2200000,0x00000000f2200000,0x00000000f7700000)
  from space 1024K, 96% used [0x00000000fb980000,0x00000000fba78000,0x00000000fba80000)
  to   space 3072K, 0% used [0x00000000fb480000,0x00000000fb480000,0x00000000fb780000)
 ParOldGen       total 39936K, used 21185K [0x00000000d6600000, 0x00000000d8d00000, 0x00000000f2200000)
  object space 39936K, 53% used [0x00000000d6600000,0x00000000d7ab05f8,0x00000000d8d00000)
 PSPermGen       total 80896K, used 40461K [0x00000000cc000000, 0x00000000d0f00000, 0x00000000d6600000)
  object space 80896K, 50% used [0x00000000cc000000,0x00000000ce7836f8,0x00000000d0f00000)
}
Event: 7798.981 GC heap before
{Heap before GC invocations=50 (full 1):
 PSYoungGen      total 88064K, used 88032K [0x00000000f2200000, 0x00000000fba80000, 0x0000000100000000)
  eden space 87040K, 100% used [0x00000000f2200000,0x00000000f7700000,0x00000000f7700000)
  from space 1024K, 96% used [0x00000000fb980000,0x00000000fba78000,0x00000000fba80000)
  to   space 3072K, 0% used [0x00000000fb480000,0x00000000fb480000,0x00000000fb780000)
 ParOldGen       total 39936K, used 21185K [0x00000000d6600000, 0x00000000d8d00000, 0x00000000f2200000)
  object space 39936K, 53% used [0x00000000d6600000,0x00000000d7ab05f8,0x00000000d8d00000)
 PSPermGen       total 80896K, used 40461K [0x00000000cc000000, 0x00000000d0f00000, 0x00000000d6600000)
  object space 80896K, 50% used [0x00000000cc000000,0x00000000ce7836f8,0x00000000d0f00000)
Event: 7799.909 GC heap after
Heap after GC invocations=50 (full 1):
 PSYoungGen      total 102400K, used 928K [0x00000000f2200000, 0x00000000fba00000, 0x0000000100000000)
  eden space 101376K, 0% used [0x00000000f2200000,0x00000000f2200000,0x00000000f8500000)
  from space 1024K, 90% used [0x00000000fb480000,0x00000000fb568000,0x00000000fb580000)
  to   space 3072K, 0% used [0x00000000fb700000,0x00000000fb700000,0x00000000fba00000)
 ParOldGen       total 39936K, used 21345K [0x00000000d6600000, 0x00000000d8d00000, 0x00000000f2200000)
  object space 39936K, 53% used [0x00000000d6600000,0x00000000d7ad85f8,0x00000000d8d00000)
 PSPermGen       total 80896K, used 40461K [0x00000000cc000000, 0x00000000d0f00000, 0x00000000d6600000)
  object space 80896K, 50% used [0x00000000cc000000,0x00000000ce7836f8,0x00000000d0f00000)
}
Event: 8791.908 GC heap before
{Heap before GC invocations=51 (full 1):
 PSYoungGen      total 102400K, used 102304K [0x00000000f2200000, 0x00000000fba00000, 0x0000000100000000)
  eden space 101376K, 100% used [0x00000000f2200000,0x00000000f8500000,0x00000000f8500000)
  from space 1024K, 90% used [0x00000000fb480000,0x00000000fb568000,0x00000000fb580000)
  to   space 3072K, 0% used [0x00000000fb700000,0x00000000fb700000,0x00000000fba00000)
 ParOldGen       total 39936K, used 21345K [0x00000000d6600000, 0x00000000d8d00000, 0x00000000f2200000)
  object space 39936K, 53% used [0x00000000d6600000,0x00000000d7ad85f8,0x00000000d8d00000)
 PSPermGen       total 80896K, used 40461K [0x00000000cc000000, 0x00000000d0f00000, 0x00000000d6600000)
  object space 80896K, 50% used [0x00000000cc000000,0x00000000ce7836f8,0x00000000d0f00000)
Event: 8796.992 GC heap after
Heap after GC invocations=51 (full 1):
 PSYoungGen      total 118784K, used 1088K [0x00000000f2200000, 0x00000000fb880000, 0x0000000100000000)
  eden space 117248K, 0% used [0x00000000f2200000,0x00000000f2200000,0x00000000f9480000)
  from space 1536K, 70% used [0x00000000fb700000,0x00000000fb810000,0x00000000fb880000)
  to   space 3072K, 0% used [0x00000000fb280000,0x00000000fb280000,0x00000000fb580000)
 ParOldGen       total 39936K, used 21481K [0x00000000d6600000, 0x00000000d8d00000, 0x00000000f2200000)
  object space 39936K, 53% used [0x00000000d6600000,0x00000000d7afa5f8,0x00000000d8d00000)
 PSPermGen       total 80896K, used 40461K [0x00000000cc000000, 0x00000000d0f00000, 0x00000000d6600000)
  object space 80896K, 50% used [0x00000000cc000000,0x00000000ce7836f8,0x00000000d0f00000)
}
Event: 9996.926 GC heap before
{Heap before GC invocations=52 (full 1):
 PSYoungGen      total 118784K, used 118336K [0x00000000f2200000, 0x00000000fb880000, 0x0000000100000000)
  eden space 117248K, 100% used [0x00000000f2200000,0x00000000f9480000,0x00000000f9480000)
  from space 1536K, 70% used [0x00000000fb700000,0x00000000fb810000,0x00000000fb880000)
  to   space 3072K, 0% used [0x00000000fb280000,0x00000000fb280000,0x00000000fb580000)
 ParOldGen       total 39936K, used 21481K [0x00000000d6600000, 0x00000000d8d00000, 0x00000000f2200000)
  object space 39936K, 53% used [0x00000000d6600000,0x00000000d7afa5f8,0x00000000d8d00000)
 PSPermGen       total 80896K, used 40461K [0x00000000cc000000, 0x00000000d0f00000, 0x00000000d6600000)
  object space 80896K, 50% used [0x00000000cc000000,0x00000000ce7836f8,0x00000000d0f00000)
Event: 9999.936 GC heap after
Heap after GC invocations=52 (full 1):
 PSYoungGen      total 135168K, used 800K [0x00000000f2200000, 0x00000000fb780000, 0x0000000100000000)
  eden space 134144K, 0% used [0x00000000f2200000,0x00000000f2200000,0x00000000fa500000)
  from space 1024K, 78% used [0x00000000fb280000,0x00000000fb348000,0x00000000fb380000)
  to   space 3072K, 0% used [0x00000000fb480000,0x00000000fb480000,0x00000000fb780000)
 ParOldGen       total 39936K, used 21617K [0x00000000d6600000, 0x00000000d8d00000, 0x00000000f2200000)
  object space 39936K, 54% used [0x00000000d6600000,0x00000000d7b1c5f8,0x00000000d8d00000)
 PSPermGen       total 80896K, used 40461K [0x00000000cc000000, 0x00000000d0f00000, 0x00000000d6600000)
  object space 80896K, 50% used [0x00000000cc000000,0x00000000ce7836f8,0x00000000d0f00000)
}
Event: 10607.124 GC heap before
{Heap before GC invocations=53 (full 1):
 PSYoungGen      total 135168K, used 134944K [0x00000000f2200000, 0x00000000fb780000, 0x0000000100000000)
  eden space 134144K, 100% used [0x00000000f2200000,0x00000000fa500000,0x00000000fa500000)
  from space 1024K, 78% used [0x00000000fb280000,0x00000000fb348000,0x00000000fb380000)
  to   space 3072K, 0% used [0x00000000fb480000,0x00000000fb480000,0x00000000fb780000)
 ParOldGen       total 39936K, used 21617K [0x00000000d6600000, 0x00000000d8d00000, 0x00000000f2200000)
  object space 39936K, 54% used [0x00000000d6600000,0x00000000d7b1c5f8,0x00000000d8d00000)
 PSPermGen       total 80896K, used 40461K [0x00000000cc000000, 0x00000000d0f00000, 0x00000000d6600000)
  object space 80896K, 50% used [0x00000000cc000000,0x00000000ce7836f8,0x00000000d0f00000)
Event: 10612.109 GC heap after
Heap after GC invocations=53 (full 1):
 PSYoungGen      total 150528K, used 1024K [0x00000000f2200000, 0x00000000fbc00000, 0x0000000100000000)
  eden space 147456K, 0% used [0x00000000f2200000,0x00000000f2200000,0x00000000fb200000)
  from space 3072K, 33% used [0x00000000fb480000,0x00000000fb580000,0x00000000fb780000)
  to   space 2560K, 0% used [0x00000000fb200000,0x00000000fb200000,0x00000000fb480000)
 ParOldGen       total 39936K, used 21745K [0x00000000d6600000, 0x00000000d8d00000, 0x00000000f2200000)
  object space 39936K, 54% used [0x00000000d6600000,0x00000000d7b3c5f8,0x00000000d8d00000)
 PSPermGen       total 80896K, used 40461K [0x00000000cc000000, 0x00000000d0f00000, 0x00000000d6600000)
  object space 80896K, 50% used [0x00000000cc000000,0x00000000ce7836f8,0x00000000d0f00000)
}
Event: 11314.404 GC heap before
{Heap before GC invocations=54 (full 1):
 PSYoungGen      total 150528K, used 148480K [0x00000000f2200000, 0x00000000fbc00000, 0x0000000100000000)
  eden space 147456K, 100% used [0x00000000f2200000,0x00000000fb200000,0x00000000fb200000)
  from space 3072K, 33% used [0x00000000fb480000,0x00000000fb580000,0x00000000fb780000)
  to   space 2560K, 0% used [0x00000000fb200000,0x00000000fb200000,0x00000000fb480000)
 ParOldGen       total 39936K, used 21745K [0x00000000d6600000, 0x00000000d8d00000, 0x00000000f2200000)
  object space 39936K, 54% used [0x00000000d6600000,0x00000000d7b3c5f8,0x00000000d8d00000)
 PSPermGen       total 80896K, used 40461K [0x00000000cc000000, 0x00000000d0f00000, 0x00000000d6600000)
  object space 80896K, 50% used [0x00000000cc000000,0x00000000ce7836f8,0x00000000d0f00000)

Deoptimization events (0 events):
No events

Internal exceptions (10 events):
Event: 7241.869 Thread 0x00007fe0a0656000 Threw 0x00000000f39db660 at /build/buildd/openjdk-7-7u79-2.5.5/build/openjdk/hotspot/src/share/vm/prims/jni.cpp:747
Event: 7386.940 Thread 0x00007fe0a0656000 Threw 0x00000000f39db7d0 at /build/buildd/openjdk-7-7u79-2.5.5/build/openjdk/hotspot/src/share/vm/prims/jni.cpp:747
Event: 7949.777 Thread 0x00007fe0a0656000 Threw 0x00000000f3793f20 at /build/buildd/openjdk-7-7u79-2.5.5/build/openjdk/hotspot/src/share/vm/prims/jni.cpp:747
Event: 8141.578 Thread 0x00007fe0a0656000 Threw 0x00000000f37ae250 at /build/buildd/openjdk-7-7u79-2.5.5/build/openjdk/hotspot/src/share/vm/prims/jni.cpp:747
Event: 8354.206 Thread 0x00007fe0a0656000 Threw 0x00000000f7423418 at /build/buildd/openjdk-7-7u79-2.5.5/build/openjdk/hotspot/src/share/vm/prims/jni.cpp:747
Event: 8502.435 Thread 0x00007fe0a0656000 Threw 0x00000000f7423588 at /build/buildd/openjdk-7-7u79-2.5.5/build/openjdk/hotspot/src/share/vm/prims/jni.cpp:747
Event: 8648.659 Thread 0x00007fe0a0656000 Threw 0x00000000f74236f8 at /build/buildd/openjdk-7-7u79-2.5.5/build/openjdk/hotspot/src/share/vm/prims/jni.cpp:747
Event: 9042.342 Thread 0x00007fe0a0656000 Threw 0x00000000f36ce2a0 at /build/buildd/openjdk-7-7u79-2.5.5/build/openjdk/hotspot/src/share/vm/prims/jni.cpp:747
Event: 9213.349 Thread 0x00007fe0a0656000 Threw 0x00000000f36d1160 at /build/buildd/openjdk-7-7u79-2.5.5/build/openjdk/hotspot/src/share/vm/prims/jni.cpp:747
Event: 9665.704 Thread 0x00007fe0a0656000 Threw 0x00000000f65430f0 at /build/buildd/openjdk-7-7u79-2.5.5/build/openjdk/hotspot/src/share/vm/prims/jni.cpp:747

Events (10 events):
Event: 8566.016 Executing VM operation: RevokeBias
Event: 8567.988 Executing VM operation: RevokeBias done
Event: 8568.221 Thread 0x00007fe074013000 Thread exited: 0x00007fe074013000
Event: 8790.714 Executing VM operation: ParallelGCFailedAllocation
Event: 8797.930 Executing VM operation: ParallelGCFailedAllocation done
Event: 9996.503 Executing VM operation: ParallelGCFailedAllocation
Event: 10000.171 Executing VM operation: ParallelGCFailedAllocation done
Event: 10606.301 Executing VM operation: ParallelGCFailedAllocation
Event: 10612.835 Executing VM operation: ParallelGCFailedAllocation done
Event: 11313.218 Executing VM operation: ParallelGCFailedAllocation


Dynamic libraries:
00400000-00401000 r-xp 00000000 08:01 143444                             /usr/lib/jvm/java-7-openjdk-amd64/jre/bin/java
00600000-00601000 r--p 00000000 08:01 143444                             /usr/lib/jvm/java-7-openjdk-amd64/jre/bin/java
00601000-00602000 rw-p 00001000 08:01 143444                             /usr/lib/jvm/java-7-openjdk-amd64/jre/bin/java
0188c000-018f0000 rw-p 00000000 00:00 0                                  [heap]
cc000000-d0f00000 rw-p 00000000 00:00 0 
d0f00000-d6600000 rw-p 00000000 00:00 0 
d6600000-d8d00000 rw-p 00000000 00:00 0 
d8d00000-f2200000 rw-p 00000000 00:00 0 
f2200000-fbc00000 rw-p 00000000 00:00 0 
fc980000-100000000 ---p 00000000 00:00 0 
7fe055b24000-7fe055b27000 ---p 00000000 00:00 0 
7fe055b27000-7fe055c25000 rw-p 00000000 00:00 0 
7fe0568dd000-7fe0568e0000 ---p 00000000 00:00 0 
7fe0568e0000-7fe0569de000 rw-p 00000000 00:00 0                          [stack:10997]
7fe0569de000-7fe0569e1000 ---p 00000000 00:00 0 
7fe0569e1000-7fe056adf000 rw-p 00000000 00:00 0                          [stack:10996]
7fe056adf000-7fe056ae2000 ---p 00000000 00:00 0 
7fe056ae2000-7fe056be0000 rw-p 00000000 00:00 0                          [stack:10995]
7fe056be0000-7fe056be3000 ---p 00000000 00:00 0 
7fe056be3000-7fe056ce1000 rw-p 00000000 00:00 0                          [stack:10994]
7fe056ce1000-7fe056ce4000 ---p 00000000 00:00 0 
7fe056ce4000-7fe056de2000 rw-p 00000000 00:00 0                          [stack:10993]
7fe056de2000-7fe056de5000 ---p 00000000 00:00 0 
7fe056de5000-7fe056ee3000 rw-p 00000000 00:00 0                          [stack:10969]
7fe056ee3000-7fe056ee6000 ---p 00000000 00:00 0 
7fe056ee6000-7fe056fe4000 rw-p 00000000 00:00 0                          [stack:10968]
7fe056fe4000-7fe056fe7000 ---p 00000000 00:00 0 
7fe056fe7000-7fe0570e5000 rw-p 00000000 00:00 0                          [stack:10967]
7fe0570e5000-7fe0570e8000 ---p 00000000 00:00 0 
7fe0570e8000-7fe0571e6000 rw-p 00000000 00:00 0                          [stack:10965]
7fe0571e6000-7fe0571e9000 ---p 00000000 00:00 0 
7fe0571e9000-7fe0572e7000 rw-p 00000000 00:00 0                          [stack:10964]
7fe0572e7000-7fe0572ea000 ---p 00000000 00:00 0 
7fe0572ea000-7fe0573e8000 rw-p 00000000 00:00 0                          [stack:10963]
7fe0573e8000-7fe0573eb000 ---p 00000000 00:00 0 
7fe0573eb000-7fe0574e9000 rw-p 00000000 00:00 0                          [stack:10962]
7fe0574e9000-7fe0574ec000 ---p 00000000 00:00 0 
7fe0574ec000-7fe0575ea000 rw-p 00000000 00:00 0                          [stack:10961]
7fe0575ea000-7fe0575ed000 ---p 00000000 00:00 0 
7fe0575ed000-7fe0576eb000 rw-p 00000000 00:00 0                          [stack:10960]
7fe0576eb000-7fe0576ee000 ---p 00000000 00:00 0 
7fe0576ee000-7fe0577ec000 rw-p 00000000 00:00 0                          [stack:10959]
7fe0577ec000-7fe0577ef000 ---p 00000000 00:00 0 
7fe0577ef000-7fe0578ed000 rw-p 00000000 00:00 0                          [stack:10958]
7fe0578ed000-7fe0578f0000 ---p 00000000 00:00 0 
7fe0578f0000-7fe0579ee000 rw-p 00000000 00:00 0                          [stack:10952]
7fe0579ee000-7fe0579f1000 ---p 00000000 00:00 0 
7fe0579f1000-7fe057aef000 rw-p 00000000 00:00 0 
7fe057aef000-7fe057af2000 ---p 00000000 00:00 0 
7fe057af2000-7fe057bf0000 rw-p 00000000 00:00 0                          [stack:10950]
7fe057bf0000-7fe057bf3000 ---p 00000000 00:00 0 
7fe057bf3000-7fe057cf1000 rw-p 00000000 00:00 0                          [stack:10949]
7fe057cfd000-7fe057d00000 ---p 00000000 00:00 0 
7fe057d00000-7fe057dfe000 rw-p 00000000 00:00 0                          [stack:10992]
7fe057dfe000-7fe057e01000 ---p 00000000 00:00 0 
7fe057e01000-7fe057eff000 rw-p 00000000 00:00 0                          [stack:10991]
7fe057eff000-7fe057f02000 ---p 00000000 00:00 0 
7fe057f02000-7fe058000000 rw-p 00000000 00:00 0                          [stack:10979]
7fe058000000-7fe05802c000 rw-p 00000000 00:00 0 
7fe05802c000-7fe05c000000 ---p 00000000 00:00 0 
7fe05c000000-7fe05c0d8000 rw-p 00000000 00:00 0 
7fe05c0d8000-7fe060000000 ---p 00000000 00:00 0 
7fe060000000-7fe060022000 rw-p 00000000 00:00 0 
7fe060022000-7fe064000000 ---p 00000000 00:00 0 
7fe064000000-7fe0640e4000 rw-p 00000000 00:00 0 
7fe0640e4000-7fe068000000 ---p 00000000 00:00 0 
7fe06801e000-7fe068021000 ---p 00000000 00:00 0 
7fe068021000-7fe06811f000 rw-p 00000000 00:00 0                          [stack:10948]
7fe06811f000-7fe068122000 ---p 00000000 00:00 0 
7fe068122000-7fe068220000 rw-p 00000000 00:00 0 
7fe068220000-7fe068223000 ---p 00000000 00:00 0 
7fe068223000-7fe068321000 rw-p 00000000 00:00 0                          [stack:10946]
7fe068321000-7fe068324000 ---p 00000000 00:00 0 
7fe068324000-7fe068422000 rw-p 00000000 00:00 0                          [stack:10945]
7fe068422000-7fe068425000 ---p 00000000 00:00 0 
7fe068425000-7fe068523000 rw-p 00000000 00:00 0                          [stack:10944]
7fe068523000-7fe068526000 ---p 00000000 00:00 0 
7fe068526000-7fe068624000 rw-p 00000000 00:00 0                          [stack:10943]
7fe068624000-7fe068627000 ---p 00000000 00:00 0 
7fe068627000-7fe068725000 rw-p 00000000 00:00 0                          [stack:10942]
7fe068725000-7fe068728000 ---p 00000000 00:00 0 
7fe068728000-7fe068826000 rw-p 00000000 00:00 0                          [stack:10941]
7fe068826000-7fe068829000 ---p 00000000 00:00 0 
7fe068829000-7fe068927000 rw-p 00000000 00:00 0                          [stack:10940]
7fe068927000-7fe06892a000 ---p 00000000 00:00 0 
7fe06892a000-7fe068a28000 rw-p 00000000 00:00 0                          [stack:10939]
7fe068a6c000-7fe068a6f000 ---p 00000000 00:00 0 
7fe068a6f000-7fe068b6d000 rw-p 00000000 00:00 0                          [stack:10975]
7fe068b6d000-7fe068b70000 ---p 00000000 00:00 0 
7fe068b70000-7fe068c6e000 rw-p 00000000 00:00 0                          [stack:10974]
7fe068c6e000-7fe068c71000 ---p 00000000 00:00 0 
7fe068c71000-7fe068d6f000 rw-p 00000000 00:00 0                          [stack:10970]
7fe068d6f000-7fe068d72000 ---p 00000000 00:00 0 
7fe068d72000-7fe068e70000 rw-p 00000000 00:00 0                          [stack:10938]
7fe068e70000-7fe068e73000 ---p 00000000 00:00 0 
7fe068e73000-7fe068f71000 rw-p 00000000 00:00 0                          [stack:10937]
7fe068f71000-7fe068f74000 ---p 00000000 00:00 0 
7fe068f74000-7fe069072000 rw-p 00000000 00:00 0                          [stack:10936]
7fe069072000-7fe069075000 ---p 00000000 00:00 0 
7fe069075000-7fe069173000 rw-p 00000000 00:00 0                          [stack:10934]
7fe069173000-7fe069176000 ---p 00000000 00:00 0 
7fe069176000-7fe069274000 rw-p 00000000 00:00 0                          [stack:10933]
7fe069274000-7fe069277000 ---p 00000000 00:00 0 
7fe069277000-7fe069375000 rw-p 00000000 00:00 0                          [stack:10932]
7fe069375000-7fe069378000 ---p 00000000 00:00 0 
7fe069378000-7fe069476000 rw-p 00000000 00:00 0                          [stack:10931]
7fe069476000-7fe069479000 ---p 00000000 00:00 0 
7fe069479000-7fe069577000 rw-p 00000000 00:00 0                          [stack:10930]
7fe069577000-7fe06957a000 ---p 00000000 00:00 0 
7fe06957a000-7fe069678000 rw-p 00000000 00:00 0                          [stack:10929]
7fe069678000-7fe06967b000 ---p 00000000 00:00 0 
7fe06967b000-7fe069779000 rw-p 00000000 00:00 0                          [stack:10928]
7fe069779000-7fe06977c000 ---p 00000000 00:00 0 
7fe06977c000-7fe06987a000 rw-p 00000000 00:00 0                          [stack:10927]
7fe06987a000-7fe06987d000 ---p 00000000 00:00 0 
7fe06987d000-7fe06997b000 rw-p 00000000 00:00 0                          [stack:10926]
7fe06997b000-7fe06997e000 ---p 00000000 00:00 0 
7fe06997e000-7fe069a7c000 rw-p 00000000 00:00 0                          [stack:10925]
7fe069a7c000-7fe069a7f000 ---p 00000000 00:00 0 
7fe069a7f000-7fe069b7d000 rw-p 00000000 00:00 0                          [stack:10924]
7fe069b7d000-7fe069b80000 ---p 00000000 00:00 0 
7fe069b80000-7fe069c7e000 rw-p 00000000 00:00 0                          [stack:10923]
7fe069c7e000-7fe069c81000 ---p 00000000 00:00 0 
7fe069c81000-7fe069d7f000 rw-p 00000000 00:00 0                          [stack:10922]
7fe069d7f000-7fe069d82000 ---p 00000000 00:00 0 
7fe069d82000-7fe069e80000 rw-p 00000000 00:00 0                          [stack:10921]
7fe069e80000-7fe069e83000 ---p 00000000 00:00 0 
7fe069e83000-7fe069f81000 rw-p 00000000 00:00 0                          [stack:10920]
7fe069f81000-7fe069f84000 ---p 00000000 00:00 0 
7fe069f84000-7fe06a082000 rw-p 00000000 00:00 0                          [stack:10919]
7fe06a082000-7fe06a085000 ---p 00000000 00:00 0 
7fe06a085000-7fe06a183000 rw-p 00000000 00:00 0                          [stack:10918]
7fe06a183000-7fe06a186000 ---p 00000000 00:00 0 
7fe06a186000-7fe06a284000 rw-p 00000000 00:00 0                          [stack:10917]
7fe06a284000-7fe06a287000 ---p 00000000 00:00 0 
7fe06a287000-7fe06a385000 rw-p 00000000 00:00 0                          [stack:10908]
7fe06a385000-7fe06a388000 ---p 00000000 00:00 0 
7fe06a388000-7fe06a486000 rw-p 00000000 00:00 0                          [stack:10907]
7fe06a486000-7fe06a48b000 r-xp 00000000 08:01 266748                     /lib/x86_64-linux-gnu/libnss_dns-2.19.so
7fe06a48b000-7fe06a68a000 ---p 00005000 08:01 266748                     /lib/x86_64-linux-gnu/libnss_dns-2.19.so
7fe06a68a000-7fe06a68b000 r--p 00004000 08:01 266748                     /lib/x86_64-linux-gnu/libnss_dns-2.19.so
7fe06a68b000-7fe06a68c000 rw-p 00005000 08:01 266748                     /lib/x86_64-linux-gnu/libnss_dns-2.19.so
7fe06a68c000-7fe06a68e000 r-xp 00000000 08:01 266756                     /lib/x86_64-linux-gnu/libnss_mdns4_minimal.so.2
7fe06a68e000-7fe06a88d000 ---p 00002000 08:01 266756                     /lib/x86_64-linux-gnu/libnss_mdns4_minimal.so.2
7fe06a88d000-7fe06a88e000 r--p 00001000 08:01 266756                     /lib/x86_64-linux-gnu/libnss_mdns4_minimal.so.2
7fe06a88e000-7fe06a88f000 rw-p 00002000 08:01 266756                     /lib/x86_64-linux-gnu/libnss_mdns4_minimal.so.2
7fe06a88f000-7fe06a892000 ---p 00000000 00:00 0 
7fe06a892000-7fe06a990000 rw-p 00000000 00:00 0 
7fe06a990000-7fe06a993000 ---p 00000000 00:00 0 
7fe06a993000-7fe06aa91000 rw-p 00000000 00:00 0 
7fe06aa91000-7fe06aa94000 ---p 00000000 00:00 0 
7fe06aa94000-7fe06aaca000 rw-p 00000000 00:00 0 
7fe06aaca000-7fe06ab42000 r-xp 00000000 08:01 138816                     /usr/lib/x86_64-linux-gnu/nss/libfreebl3.so
7fe06ab42000-7fe06ad42000 ---p 00078000 08:01 138816                     /usr/lib/x86_64-linux-gnu/nss/libfreebl3.so
7fe06ad42000-7fe06ad44000 r--p 00078000 08:01 138816                     /usr/lib/x86_64-linux-gnu/nss/libfreebl3.so
7fe06ad44000-7fe06ad45000 rw-p 0007a000 08:01 138816                     /usr/lib/x86_64-linux-gnu/nss/libfreebl3.so
7fe06ad45000-7fe06ad49000 rw-p 00000000 00:00 0 
7fe06ad49000-7fe06adfd000 r-xp 00000000 08:01 13848                      /usr/lib/x86_64-linux-gnu/libsqlite3.so.0.8.6
7fe06adfd000-7fe06affd000 ---p 000b4000 08:01 13848                      /usr/lib/x86_64-linux-gnu/libsqlite3.so.0.8.6
7fe06affd000-7fe06afff000 r--p 000b4000 08:01 13848                      /usr/lib/x86_64-linux-gnu/libsqlite3.so.0.8.6
7fe06afff000-7fe06b001000 rw-p 000b6000 08:01 13848                      /usr/lib/x86_64-linux-gnu/libsqlite3.so.0.8.6
7fe06b001000-7fe06b002000 rw-p 00000000 00:00 0 
7fe06b002000-7fe06b042000 r-xp 00000000 08:01 138822                     /usr/lib/x86_64-linux-gnu/nss/libsoftokn3.so
7fe06b042000-7fe06b242000 ---p 00040000 08:01 138822                     /usr/lib/x86_64-linux-gnu/nss/libsoftokn3.so
7fe06b242000-7fe06b243000 r--p 00040000 08:01 138822                     /usr/lib/x86_64-linux-gnu/nss/libsoftokn3.so
7fe06b243000-7fe06b244000 rw-p 00041000 08:01 138822                     /usr/lib/x86_64-linux-gnu/nss/libsoftokn3.so
7fe06b244000-7fe06b27c000 r-xp 00000000 08:01 13650                      /usr/lib/x86_64-linux-gnu/libnspr4.so
7fe06b27c000-7fe06b47c000 ---p 00038000 08:01 13650                      /usr/lib/x86_64-linux-gnu/libnspr4.so
7fe06b47c000-7fe06b47d000 r--p 00038000 08:01 13650                      /usr/lib/x86_64-linux-gnu/libnspr4.so
7fe06b47d000-7fe06b47e000 rw-p 00039000 08:01 13650                      /usr/lib/x86_64-linux-gnu/libnspr4.so
7fe06b47e000-7fe06b481000 rw-p 00000000 00:00 0 
7fe06b481000-7fe06b484000 r-xp 00000000 08:01 13714                      /usr/lib/x86_64-linux-gnu/libplds4.so
7fe06b484000-7fe06b683000 ---p 00003000 08:01 13714                      /usr/lib/x86_64-linux-gnu/libplds4.so
7fe06b683000-7fe06b684000 r--p 00002000 08:01 13714                      /usr/lib/x86_64-linux-gnu/libplds4.so
7fe06b684000-7fe06b685000 rw-p 00003000 08:01 13714                      /usr/lib/x86_64-linux-gnu/libplds4.so
7fe06b685000-7fe06b689000 r-xp 00000000 08:01 13713                      /usr/lib/x86_64-linux-gnu/libplc4.so
7fe06b689000-7fe06b888000 ---p 00004000 08:01 13713                      /usr/lib/x86_64-linux-gnu/libplc4.so
7fe06b888000-7fe06b889000 r--p 00003000 08:01 13713                      /usr/lib/x86_64-linux-gnu/libplc4.so
7fe06b889000-7fe06b88a000 rw-p 00004000 08:01 13713                      /usr/lib/x86_64-linux-gnu/libplc4.so
7fe06b88a000-7fe06b8af000 r-xp 00000000 08:01 13659                      /usr/lib/x86_64-linux-gnu/libnssutil3.so
7fe06b8af000-7fe06baae000 ---p 00025000 08:01 13659                      /usr/lib/x86_64-linux-gnu/libnssutil3.so
7fe06baae000-7fe06bab4000 r--p 00024000 08:01 13659                      /usr/lib/x86_64-linux-gnu/libnssutil3.so
7fe06bab4000-7fe06bab5000 rw-p 0002a000 08:01 13659                      /usr/lib/x86_64-linux-gnu/libnssutil3.so
7fe06bab5000-7fe06bbe8000 r-xp 00000000 08:01 13651                      /usr/lib/x86_64-linux-gnu/libnss3.so
7fe06bbe8000-7fe06bde7000 ---p 00133000 08:01 13651                      /usr/lib/x86_64-linux-gnu/libnss3.so
7fe06bde7000-7fe06bdec000 r--p 00132000 08:01 13651                      /usr/lib/x86_64-linux-gnu/libnss3.so
7fe06bdec000-7fe06bdee000 rw-p 00137000 08:01 13651                      /usr/lib/x86_64-linux-gnu/libnss3.so
7fe06bdee000-7fe06bdef000 rw-p 00000000 00:00 0 
7fe06bdef000-7fe06bdff000 r-xp 00000000 08:01 394446                     /usr/lib/jvm/java-7-openjdk-amd64/jre/lib/amd64/libj2pkcs11.so
7fe06bdff000-7fe06bffe000 ---p 00010000 08:01 394446                     /usr/lib/jvm/java-7-openjdk-amd64/jre/lib/amd64/libj2pkcs11.so
7fe06bffe000-7fe06bfff000 r--p 0000f000 08:01 394446                     /usr/lib/jvm/java-7-openjdk-amd64/jre/lib/amd64/libj2pkcs11.so
7fe06bfff000-7fe06c000000 rw-p 00010000 08:01 394446                     /usr/lib/jvm/java-7-openjdk-amd64/jre/lib/amd64/libj2pkcs11.so
7fe06c000000-7fe06c0af000 rw-p 00000000 00:00 0 
7fe06c0af000-7fe070000000 ---p 00000000 00:00 0 
7fe070000000-7fe07008c000 rw-p 00000000 00:00 0 
7fe07008c000-7fe074000000 ---p 00000000 00:00 0 
7fe074000000-7fe074032000 rw-p 00000000 00:00 0 
7fe074032000-7fe078000000 ---p 00000000 00:00 0 
7fe078000000-7fe0789b8000 rw-p 00000000 00:00 0 
7fe0789b8000-7fe07c000000 ---p 00000000 00:00 0 
7fe07c000000-7fe07c029000 rw-p 00000000 00:00 0 
7fe07c029000-7fe080000000 ---p 00000000 00:00 0 
7fe080000000-7fe080041000 rw-p 00000000 00:00 0 
7fe080041000-7fe084000000 ---p 00000000 00:00 0 
7fe084000000-7fe084359000 rw-p 00000000 00:00 0 
7fe084359000-7fe088000000 ---p 00000000 00:00 0 
7fe088000000-7fe088058000 rw-p 00000000 00:00 0 
7fe088058000-7fe08c000000 ---p 00000000 00:00 0 
7fe08c000000-7fe08c053000 rw-p 00000000 00:00 0 
7fe08c053000-7fe090000000 ---p 00000000 00:00 0 
7fe09002e000-7fe09002f000 rw-p 00000000 00:00 0 
7fe09002f000-7fe090030000 r--p 00000000 00:00 0 
7fe090030000-7fe090033000 r--s 00017000 08:01 394485                     /usr/lib/jvm/java-7-openjdk-amd64/jre/lib/jce.jar
7fe090033000-7fe090038000 r--s 0004d000 08:01 394482                     /usr/lib/jvm/java-7-openjdk-amd64/jre/lib/jsse.jar
7fe090038000-7fe09003b000 ---p 00000000 00:00 0 
7fe09003b000-7fe090139000 rw-p 00000000 00:00 0                          [stack:10899]
7fe090139000-7fe09013a000 r--p 00000000 08:01 202348                     /usr/share/locale-langpack/en_GB/LC_MESSAGES/libc.mo
7fe09013a000-7fe090142000 r--s 0007b000 08:01 398576                     /home/tim/.m2/repository/com/google/protobuf/protobuf-java/2.5.0/protobuf-java-2.5.0.jar
7fe090142000-7fe090143000 r--s 00009000 08:01 305886                     /home/tim/.m2/repository/cider/cider-nrepl/0.8.1/cider-nrepl-0.8.1.jar
7fe090143000-7fe090145000 r--s 00007000 08:01 398598                     /home/tim/.m2/repository/com/fasterxml/jackson/core/jackson-annotations/2.3.0/jackson-annotations-2.3.0.jar
7fe090145000-7fe090172000 r--s 0028a000 08:01 398563                     /home/tim/.m2/repository/com/google/javascript/closure-compiler/v20140625/closure-compiler-v20140625.jar
7fe090172000-7fe090173000 r--s 00001000 08:01 302842                     /home/tim/.m2/repository/alandipert/storage-atom/1.2.4/storage-atom-1.2.4.jar
7fe090173000-7fe090175000 r--s 00005000 08:01 398684                     /home/tim/.m2/repository/com/cemerick/clojurescript.test/0.2.3-SNAPSHOT/clojurescript.test-0.2.3-SNAPSHOT.jar
7fe090175000-7fe090176000 r--s 0000a000 08:01 398570                     /home/tim/.m2/repository/org/clojure/tools.reader/0.10.0-alpha1/tools.reader-0.10.0-alpha1.jar
7fe090176000-7fe090177000 r--s 00002000 08:01 397615                     /home/tim/.m2/repository/clout/clout/2.1.0/clout-2.1.0.jar
7fe090177000-7fe09017d000 r--s 0002f000 08:01 398615                     /home/tim/.m2/repository/org/apache/lucene/lucene-queries/4.10.2/lucene-queries-4.10.2.jar
7fe09017d000-7fe090288000 r--s 00bb2000 08:01 306218                     /home/tim/.m2/repository/org/elasticsearch/elasticsearch/1.4.0/elasticsearch-1.4.0.jar
7fe090288000-7fe09028a000 r--s 00018000 08:01 397612                     /home/tim/.m2/repository/javax/servlet/servlet-api/2.5/servlet-api-2.5.jar
7fe09028a000-7fe09028c000 r--s 0000d000 08:01 306231                     /home/tim/.m2/repository/org/clojure/core.async/0.1.346.0-17112a-alpha/core.async-0.1.346.0-17112a-alpha.jar
7fe09028c000-7fe09028e000 r--s 00005000 08:01 398643                     /home/tim/.m2/repository/io/aviso/pretty/0.1.18/pretty-0.1.18.jar
7fe09028e000-7fe0902cb000 r-xp 00000000 08:01 266778                     /lib/x86_64-linux-gnu/libpcre.so.3.13.1
7fe0902cb000-7fe0904ca000 ---p 0003d000 08:01 266778                     /lib/x86_64-linux-gnu/libpcre.so.3.13.1
7fe0904ca000-7fe0904cb000 r--p 0003c000 08:01 266778                     /lib/x86_64-linux-gnu/libpcre.so.3.13.1
7fe0904cb000-7fe0904cc000 rw-p 0003d000 08:01 266778                     /lib/x86_64-linux-gnu/libpcre.so.3.13.1
7fe0904cc000-7fe0904d3000 r-xp 00000000 08:01 13236                      /usr/lib/x86_64-linux-gnu/libffi.so.6.0.1
7fe0904d3000-7fe0906d2000 ---p 00007000 08:01 13236                      /usr/lib/x86_64-linux-gnu/libffi.so.6.0.1
7fe0906d2000-7fe0906d3000 r--p 00006000 08:01 13236                      /usr/lib/x86_64-linux-gnu/libffi.so.6.0.1
7fe0906d3000-7fe0906d4000 rw-p 00007000 08:01 13236                      /usr/lib/x86_64-linux-gnu/libffi.so.6.0.1
7fe0906d4000-7fe0906eb000 r-xp 00000000 08:01 266801                     /lib/x86_64-linux-gnu/libresolv-2.19.so
7fe0906eb000-7fe0908eb000 ---p 00017000 08:01 266801                     /lib/x86_64-linux-gnu/libresolv-2.19.so
7fe0908eb000-7fe0908ec000 r--p 00017000 08:01 266801                     /lib/x86_64-linux-gnu/libresolv-2.19.so
7fe0908ec000-7fe0908ed000 rw-p 00018000 08:01 266801                     /lib/x86_64-linux-gnu/libresolv-2.19.so
7fe0908ed000-7fe0908ef000 rw-p 00000000 00:00 0 
7fe0908ef000-7fe09090f000 r-xp 00000000 08:01 266805                     /lib/x86_64-linux-gnu/libselinux.so.1
7fe09090f000-7fe090b0e000 ---p 00020000 08:01 266805                     /lib/x86_64-linux-gnu/libselinux.so.1
7fe090b0e000-7fe090b0f000 r--p 0001f000 08:01 266805                     /lib/x86_64-linux-gnu/libselinux.so.1
7fe090b0f000-7fe090b10000 rw-p 00020000 08:01 266805                     /lib/x86_64-linux-gnu/libselinux.so.1
7fe090b10000-7fe090b12000 rw-p 00000000 00:00 0 
7fe090b12000-7fe090b15000 r-xp 00000000 08:01 13349                      /usr/lib/x86_64-linux-gnu/libgmodule-2.0.so.0.4002.0
7fe090b15000-7fe090d14000 ---p 00003000 08:01 13349                      /usr/lib/x86_64-linux-gnu/libgmodule-2.0.so.0.4002.0
7fe090d14000-7fe090d15000 r--p 00002000 08:01 13349                      /usr/lib/x86_64-linux-gnu/libgmodule-2.0.so.0.4002.0
7fe090d15000-7fe090d16000 rw-p 00003000 08:01 13349                      /usr/lib/x86_64-linux-gnu/libgmodule-2.0.so.0.4002.0
7fe090d16000-7fe090e1c000 r-xp 00000000 08:01 266706                     /lib/x86_64-linux-gnu/libglib-2.0.so.0.4002.0
7fe090e1c000-7fe09101b000 ---p 00106000 08:01 266706                     /lib/x86_64-linux-gnu/libglib-2.0.so.0.4002.0
7fe09101b000-7fe09101c000 r--p 00105000 08:01 266706                     /lib/x86_64-linux-gnu/libglib-2.0.so.0.4002.0
7fe09101c000-7fe09101d000 rw-p 00106000 08:01 266706                     /lib/x86_64-linux-gnu/libglib-2.0.so.0.4002.0
7fe09101d000-7fe09101e000 rw-p 00000000 00:00 0 
7fe09101e000-7fe09106d000 r-xp 00000000 08:01 13365                      /usr/lib/x86_64-linux-gnu/libgobject-2.0.so.0.4002.0
7fe09106d000-7fe09126d000 ---p 0004f000 08:01 13365                      /usr/lib/x86_64-linux-gnu/libgobject-2.0.so.0.4002.0
7fe09126d000-7fe09126e000 r--p 0004f000 08:01 13365                      /usr/lib/x86_64-linux-gnu/libgobject-2.0.so.0.4002.0
7fe09126e000-7fe09126f000 rw-p 00050000 08:01 13365                      /usr/lib/x86_64-linux-gnu/libgobject-2.0.so.0.4002.0
7fe09126f000-7fe0913db000 r-xp 00000000 08:01 13337                      /usr/lib/x86_64-linux-gnu/libgio-2.0.so.0.4002.0
7fe0913db000-7fe0915da000 ---p 0016c000 08:01 13337                      /usr/lib/x86_64-linux-gnu/libgio-2.0.so.0.4002.0
7fe0915da000-7fe0915de000 r--p 0016b000 08:01 13337                      /usr/lib/x86_64-linux-gnu/libgio-2.0.so.0.4002.0
7fe0915de000-7fe0915e0000 rw-p 0016f000 08:01 13337                      /usr/lib/x86_64-linux-gnu/libgio-2.0.so.0.4002.0
7fe0915e0000-7fe0915e2000 rw-p 00000000 00:00 0 
7fe0915e2000-7fe0915e3000 r--s 00001000 08:01 306239                     /home/tim/.m2/repository/org/clojure/data.priority-map/0.0.2/data.priority-map-0.0.2.jar
7fe0915e3000-7fe0915ed000 r--s 000a5000 08:01 306217                     /home/tim/.m2/repository/org/javassist/javassist/3.18.1-GA/javassist-3.18.1-GA.jar
7fe0915ed000-7fe0915ee000 r--s 00001000 08:01 397932                     /home/tim/.m2/repository/ring/ring-defaults/0.1.4/ring-defaults-0.1.4.jar
7fe0915ee000-7fe0915ef000 r--s 00001000 08:01 398087                     /home/tim/.m2/repository/org/clojure/data.json/0.2.3/data.json-0.2.3.jar
7fe0915ef000-7fe0915f5000 r--s 00040000 08:01 306215                     /home/tim/.m2/repository/org/msgpack/msgpack/0.6.10/msgpack-0.6.10.jar
7fe0915f5000-7fe0915f6000 r--s 00001000 08:01 397939                     /home/tim/.m2/repository/ring/ring-headers/0.1.2/ring-headers-0.1.2.jar
7fe0915f6000-7fe09160d000 r-xp 00000000 08:01 394456                     /usr/lib/jvm/java-7-openjdk-amd64/jre/lib/amd64/libnet.so
7fe09160d000-7fe09180c000 ---p 00017000 08:01 394456                     /usr/lib/jvm/java-7-openjdk-amd64/jre/lib/amd64/libnet.so
7fe09180c000-7fe09180d000 r--p 00016000 08:01 394456                     /usr/lib/jvm/java-7-openjdk-amd64/jre/lib/amd64/libnet.so
7fe09180d000-7fe09180e000 rw-p 00017000 08:01 394456                     /usr/lib/jvm/java-7-openjdk-amd64/jre/lib/amd64/libnet.so
7fe09180e000-7fe09181e000 r-xp 00000000 08:01 394442                     /usr/lib/jvm/java-7-openjdk-amd64/jre/lib/amd64/libnio.so
7fe09181e000-7fe091a1e000 ---p 00010000 08:01 394442                     /usr/lib/jvm/java-7-openjdk-amd64/jre/lib/amd64/libnio.so
7fe091a1e000-7fe091a1f000 r--p 00010000 08:01 394442                     /usr/lib/jvm/java-7-openjdk-amd64/jre/lib/amd64/libnio.so
7fe091a1f000-7fe091a20000 rw-p 00011000 08:01 394442                     /usr/lib/jvm/java-7-openjdk-amd64/jre/lib/amd64/libnio.so
7fe091a20000-7fe091a5f000 r--s 00340000 08:01 305898                     /home/tim/.m2/repository/org/clojure/clojure/1.6.0/clojure-1.6.0.jar
7fe091a5f000-7fe091a70000 r--s 0018f000 08:01 398607                     /home/tim/.m2/repository/org/apache/lucene/lucene-analyzers-common/4.10.2/lucene-analyzers-common-4.10.2.jar
7fe091a70000-7fe091a72000 r--s 00001000 08:01 398635                     /home/tim/.m2/repository/slingshot/slingshot/0.10.3/slingshot-0.10.3.jar
7fe091a72000-7fe091a73000 r--s 00003000 08:01 397930                     /home/tim/.m2/repository/compojure/compojure/1.3.2/compojure-1.3.2.jar
7fe091a73000-7fe091a75000 r--s 00004000 08:01 305889                     /home/tim/.m2/repository/compliment/compliment/0.2.0/compliment-0.2.0.jar
7fe091a75000-7fe091a76000 r--s 00004000 08:01 305881                     /home/tim/.m2/repository/org/clojure/tools.namespace/0.2.5/tools.namespace-0.2.5.jar
7fe091a76000-7fe091a77000 r--s 00001000 08:01 305882                     /home/tim/.m2/repository/org/clojure/tools.trace/0.7.8/tools.trace-0.7.8.jar
7fe091a77000-7fe091a78000 r--s 00002000 08:01 398640                     /home/tim/.m2/repository/riddley/riddley/0.1.7/riddley-0.1.7.jar
7fe091a78000-7fe091a7b000 r--s 0001b000 08:01 398594                     /home/tim/.m2/repository/org/apache/lucene/lucene-sandbox/4.10.2/lucene-sandbox-4.10.2.jar
7fe091a7b000-7fe091a7c000 r--s 00000000 08:01 397619                     /home/tim/.m2/repository/crypto-random/crypto-random/1.2.0/crypto-random-1.2.0.jar
7fe091a7c000-7fe091a7f000 r--s 00018000 08:01 398574                     /home/tim/.m2/repository/org/apache/lucene/lucene-grouping/4.10.2/lucene-grouping-4.10.2.jar
7fe091a7f000-7fe091a81000 r--s 00008000 08:01 305610                     /home/tim/.m2/repository/org/clojure/tools.nrepl/0.2.6/tools.nrepl-0.2.6.jar
7fe091a81000-7fe091a82000 r--s 0000f000 08:01 398654                     /home/tim/.m2/repository/com/taoensso/sente/1.5.0/sente-1.5.0.jar
7fe091a82000-7fe091a88000 r--s 0003f000 08:01 398567                     /home/tim/.m2/repository/org/apache/httpcomponents/httpcore/4.3.2/httpcore-4.3.2.jar
7fe091a88000-7fe091a89000 r--s 00002000 08:01 306272                     /home/tim/.m2/repository/secretary/secretary/1.2.3/secretary-1.2.3.jar
7fe091a89000-7fe091a8a000 r--s 00013000 08:01 398655                     /home/tim/.m2/repository/com/taoensso/encore/1.37.0/encore-1.37.0.jar
7fe091a8a000-7fe091a8b000 r--s 00001000 08:01 305888                     /home/tim/.m2/repository/cljs-tooling/cljs-tooling/0.1.3/cljs-tooling-0.1.3.jar
7fe091a8b000-7fe091a8c000 r--s 00001000 08:01 397637                     /home/tim/.m2/repository/ring/ring-anti-forgery/1.0.0/ring-anti-forgery-1.0.0.jar
7fe091a8c000-7fe091a8d000 r--s 00008000 08:01 398626                     /home/tim/.m2/repository/org/apache/lucene/lucene-memory/4.10.2/lucene-memory-4.10.2.jar
7fe091a8d000-7fe091a8f000 r--s 00002000 08:01 306246                     /home/tim/.m2/repository/tailrecursion/cljson/1.0.6/cljson-1.0.6.jar
7fe091a8f000-7fe091a91000 r--s 00000000 08:01 397934                     /home/tim/.m2/repository/ring/ring-json/0.3.1/ring-json-0.3.1.jar
7fe091a91000-7fe091a93000 r--s 00028000 08:01 306274                     /home/tim/.m2/repository/cljsjs/react/0.12.2-5/react-0.12.2-5.jar
7fe091a93000-7fe091aa4000 r--s 000cf000 08:01 398559                     /home/tim/.m2/repository/com/fasterxml/jackson/core/jackson-databind/2.3.2/jackson-databind-2.3.2.jar
7fe091aa4000-7fe091aa5000 r--s 00035000 08:01 398592                     /home/tim/.m2/repository/org/apache/directory/studio/org.apache.commons.codec/1.8/org.apache.commons.codec-1.8.jar
7fe091aa5000-7fe091aa8000 r--s 00026000 08:01 306221                     /home/tim/.m2/repository/org/antlr/antlr-runtime/3.5/antlr-runtime-3.5.jar
7fe091aa8000-7fe091aa9000 r--s 0000b000 08:01 398650                     /home/tim/.m2/repository/clojurewerkz/elastisch/2.1.0/elastisch-2.1.0.jar
7fe091aa9000-7fe091aaa000 r--s 00008000 08:01 398657                     /home/tim/.m2/repository/clj-http/clj-http/1.0.0/clj-http-1.0.0.jar
7fe091aaa000-7fe091ab0000 r--s 00033000 08:01 397610                     /home/tim/.m2/repository/commons-codec/commons-codec/1.6/commons-codec-1.6.jar
7fe091ab0000-7fe091ab1000 r--s 00001000 08:01 306228                     /home/tim/.m2/repository/org/clojure/core.memoize/0.5.6/core.memoize-0.5.6.jar
7fe091ab1000-7fe091ab6000 r--s 00030000 08:01 398564                     /home/tim/.m2/repository/org/ow2/asm/asm-all/4.1/asm-all-4.1.jar
7fe091ab6000-7fe091ab8000 r--s 00003000 08:01 398645                     /home/tim/.m2/repository/potemkin/potemkin/0.3.8/potemkin-0.3.8.jar
7fe091ab8000-7fe091ae5000 r--s 004c0000 08:01 398577                     /home/tim/.m2/repository/org/clojure/google-closure-library/0.0-20140718-946a7d39/google-closure-library-0.0-20140718-946a7d39.jar
7fe091ae5000-7fe091ae8000 r--s 00006000 08:01 398082                     /home/tim/.m2/repository/com/google/code/findbugs/jsr305/1.3.9/jsr305-1.3.9.jar
7fe091ae8000-7fe091af4000 r--s 00085000 08:01 398584                     /home/tim/.m2/repository/org/apache/httpcomponents/httpclient/4.3.5/httpclient-4.3.5.jar
7fe091af4000-7fe091af6000 r--s 00008000 08:01 398597                     /home/tim/.m2/repository/org/apache/httpcomponents/httpmime/4.3.5/httpmime-4.3.5.jar
7fe091af6000-7fe091af7000 r--s 0000d000 08:01 398639                     /home/tim/.m2/repository/com/taoensso/timbre/4.0.2/timbre-4.0.2.jar
7fe091af7000-7fe091af8000 r--s 00001000 08:01 393844                     /home/tim/.m2/repository/com/lucasbradstreet/cljs-uuid-utils/1.0.2/cljs-uuid-utils-1.0.2.jar
7fe091af8000-7fe091af9000 r--s 00003000 08:01 397638                     /home/tim/.m2/repository/hiccup/hiccup/1.0.5/hiccup-1.0.5.jar
7fe091af9000-7fe091afa000 r--s 00005000 08:01 398568                     /home/tim/.m2/repository/com/googlecode/json-simple/json-simple/1.1.1/json-simple-1.1.1.jar
7fe091afa000-7fe091afc000 r--s 0000f000 08:01 397605                     /home/tim/.m2/repository/commons-fileupload/commons-fileupload/1.3/commons-fileupload-1.3.jar
7fe091afc000-7fe091afe000 r--s 00003000 08:01 397620                     /home/tim/.m2/repository/clj-time/clj-time/0.6.0/clj-time-0.6.0.jar
7fe091afe000-7fe091aff000 r--s 00001000 08:01 306391                     /home/tim/.m2/repository/org/clojars/frozenlock/reagent-modals/0.2.3/reagent-modals-0.2.3.jar
7fe091aff000-7fe091b00000 r--s 00003000 08:01 398593                     /home/tim/.m2/repository/com/fasterxml/jackson/datatype/jackson-datatype-json-org/2.3.2/jackson-datatype-json-org-2.3.2.jar
7fe091b00000-7fe091b06000 r--s 00048000 08:01 399046                     /home/tim/.m2/repository/org/apache/commons/commons-lang3/3.1/commons-lang3-3.1.jar
7fe091b06000-7fe091b07000 r--s 0000c000 08:01 397624                     /home/tim/.m2/repository/instaparse/instaparse/1.3.4/instaparse-1.3.4.jar
7fe091b07000-7fe091b09000 r--s 00027000 08:01 398560                     /home/tim/.m2/repository/org/clojure/clojurescript/0.0-2411/clojurescript-0.0-2411.jar
7fe091b09000-7fe091b0b000 r--s 0000e000 08:01 398586                     /home/tim/.m2/repository/commons-logging/commons-logging/1.1.3/commons-logging-1.1.3.jar
7fe091b0b000-7fe091b0c000 r--s 00000000 08:01 397639                     /home/tim/.m2/repository/ring-mock/ring-mock/0.1.5/ring-mock-0.1.5.jar
7fe091b0c000-7fe091b0d000 r--s 00000000 08:01 397627                     /home/tim/.m2/repository/crypto-equality/crypto-equality/1.0.0/crypto-equality-1.0.0.jar
7fe091b0d000-7fe091b0e000 r--s 00000000 08:01 305880                     /home/tim/.m2/repository/org/clojure/java.classpath/0.2.0/java.classpath-0.2.0.jar
7fe091b0e000-7fe091b12000 r--s 0002a000 08:01 397604                     /home/tim/.m2/repository/commons-io/commons-io/2.4/commons-io-2.4.jar
7fe091b12000-7fe091b14000 r--s 0000e000 08:01 398616                     /home/tim/.m2/repository/org/apache/lucene/lucene-join/4.10.2/lucene-join-4.10.2.jar
7fe091b14000-7fe091b17000 r--s 00029000 08:01 398572                     /home/tim/.m2/repository/org/apache/lucene/lucene-suggest/4.10.2/lucene-suggest-4.10.2.jar
7fe091b17000-7fe091b18000 r--s 0001c000 08:01 398566                     /home/tim/.m2/repository/com/google/javascript/closure-compiler-externs/v20140625/closure-compiler-externs-v20140625.jar
7fe091b18000-7fe091b1a000 r--s 0000a000 08:01 398079                     /home/tim/.m2/repository/org/json/json/20090211/json-20090211.jar
7fe091b1a000-7fe091b1b000 ---p 00000000 00:00 0 
7fe091b1b000-7fe091c1b000 rw-p 00000000 00:00 0                          [stack:10898]
7fe091c1b000-7fe091c1e000 ---p 00000000 00:00 0 
7fe091c1e000-7fe091d1c000 rw-p 00000000 00:00 0                          [stack:10897]
7fe091d1c000-7fe091d1f000 ---p 00000000 00:00 0 
7fe091d1f000-7fe091e1d000 rw-p 00000000 00:00 0                          [stack:10896]
7fe091e1d000-7fe091e20000 ---p 00000000 00:00 0 
7fe091e20000-7fe091f1e000 rw-p 00000000 00:00 0                          [stack:10895]
7fe091f1e000-7fe092600000 r--p 00000000 08:01 9720                       /usr/lib/locale/locale-archive
7fe092600000-7fe094000000 rw-p 00000000 00:00 0 
7fe094000000-7fe094055000 rw-p 00000000 00:00 0 
7fe094055000-7fe098000000 ---p 00000000 00:00 0 
7fe098000000-7fe09800d000 r--s 00109000 08:01 398090                     /home/tim/.m2/repository/org/mozilla/rhino/1.7R4/rhino-1.7R4.jar
7fe09800d000-7fe09800e000 r--s 00002000 08:01 397933                     /home/tim/.m2/repository/medley/medley/0.5.5/medley-0.5.5.jar
7fe09800e000-7fe098010000 r--s 00016000 08:01 398610                     /home/tim/.m2/repository/org/apache/lucene/lucene-misc/4.10.2/lucene-misc-4.10.2.jar
7fe098010000-7fe098013000 r--s 0001f000 08:01 398627                     /home/tim/.m2/repository/org/apache/lucene/lucene-highlighter/4.10.2/lucene-highlighter-4.10.2.jar
7fe098013000-7fe098016000 r--s 00010000 08:01 398573                     /home/tim/.m2/repository/args4j/args4j/2.0.26/args4j-2.0.26.jar
7fe098016000-7fe098019000 r--s 00019000 08:01 398651                     /home/tim/.m2/repository/http-kit/http-kit/2.1.18/http-kit-2.1.18.jar
7fe098019000-7fe09801a000 r--s 00001000 08:01 302849                     /home/tim/.m2/repository/cljs-flux/cljs-flux/0.1.2/cljs-flux-0.1.2.jar
7fe09801a000-7fe09801d000 r--s 0001c000 08:01 398557                     /home/tim/.m2/repository/org/apache/lucene/lucene-spatial/4.10.2/lucene-spatial-4.10.2.jar
7fe09801d000-7fe09801f000 r--s 00008000 08:01 306225                     /home/tim/.m2/repository/org/ow2/asm/asm-commons/4.1/asm-commons-4.1.jar
7fe09801f000-7fe098020000 r--s 00000000 08:01 398606                     /home/tim/.m2/repository/crouton/crouton/0.1.2/crouton-0.1.2.jar
7fe098020000-7fe09804b000 r--s 001f9000 08:01 398562                     /home/tim/.m2/repository/com/google/guava/guava/17.0/guava-17.0.jar
7fe09804b000-7fe098054000 r--s 00057000 08:01 398623                     /home/tim/.m2/repository/org/apache/lucene/lucene-queryparser/4.10.2/lucene-queryparser-4.10.2.jar
7fe098054000-7fe098056000 r--s 00011000 08:01 398561                     /home/tim/.m2/repository/org/clojure/google-closure-library-third-party/0.0-20140718-946a7d39/google-closure-library-third-party-0.0-20140718-946a7d39.jar
7fe098056000-7fe098057000 r--s 00002000 08:01 393783                     /home/tim/.m2/repository/com/cemerick/piggieback/0.1.4/piggieback-0.1.4.jar
7fe098057000-7fe098058000 r--s 00006000 08:01 397626                     /home/tim/.m2/repository/ring/ring-core/1.3.2/ring-core-1.3.2.jar
7fe098058000-7fe098068000 r--s 0007d000 08:01 397606                     /home/tim/.m2/repository/joda-time/joda-time/2.2/joda-time-2.2.jar
7fe098068000-7fe098069000 r--s 00002000 08:01 306222                     /home/tim/.m2/repository/org/clojure/core.cache/0.6.3/core.cache-0.6.3.jar
7fe098069000-7fe09806a000 r--s 00003000 08:01 302838                     /home/tim/.m2/repository/reagent-forms/reagent-forms/0.5.5/reagent-forms-0.5.5.jar
7fe09806a000-7fe09806b000 r--s 00004000 08:01 397936                     /home/tim/.m2/repository/cheshire/cheshire/5.3.1/cheshire-5.3.1.jar
7fe09806b000-7fe098070000 r--s 0003f000 08:01 306216                     /home/tim/.m2/repository/org/jsoup/jsoup/1.7.1/jsoup-1.7.1.jar
7fe098070000-7fe098072000 r--s 00007000 08:01 306232                     /home/tim/.m2/repository/org/clojure/tools.analyzer.jvm/0.1.0-beta12/tools.analyzer.jvm-0.1.0-beta12.jar
7fe098072000-7fe098076000 r--s 00014000 08:01 398589                     /home/tim/.m2/repository/com/cognitect/transit-java/0.8.257/transit-java-0.8.257.jar
7fe098076000-7fe09807a000 r--s 0002d000 08:01 397924                     /home/tim/.m2/repository/com/fasterxml/jackson/core/jackson-core/2.3.1/jackson-core-2.3.1.jar
7fe09807a000-7fe09807b000 r--s 00000000 08:01 397628                     /home/tim/.m2/repository/ring/ring-codec/1.0.0/ring-codec-1.0.0.jar
7fe09807b000-7fe09807c000 r--s 0000b000 08:01 306233                     /home/tim/.m2/repository/org/ow2/asm/asm/4.1/asm-4.1.jar
7fe09807c000-7fe09807d000 r--s 00000000 08:01 305612                     /home/tim/.m2/repository/clojure-complete/clojure-complete/0.2.3/clojure-complete-0.2.3.jar
7fe09807d000-7fe09807e000 r--s 00001000 08:01 397635                     /home/tim/.m2/repository/ring/ring-ssl/0.2.1/ring-ssl-0.2.1.jar
7fe09807e000-7fe098080000 r--s 00011000 08:01 397925                     /home/tim/.m2/repository/com/fasterxml/jackson/dataformat/jackson-dataformat-smile/2.3.1/jackson-dataformat-smile-2.3.1.jar
7fe098080000-7fe098082000 r--s 00002000 08:01 398617                     /home/tim/.m2/repository/clojurewerkz/support/1.1.0/support-1.1.0.jar
7fe098082000-7fe09808c000 r--s 0005c000 08:01 399116                     /home/tim/.m2/repository/com/rabbitmq/amqp-client/3.5.4/amqp-client-3.5.4.jar
7fe09808c000-7fe09808e000 r--s 00004000 08:01 306275                     /home/tim/.m2/repository/reagent/reagent/0.5.0/reagent-0.5.0.jar
7fe09808e000-7fe09808f000 r--s 00001000 08:01 397601                     /home/tim/.m2/repository/org/clojure/tools.macro/0.1.5/tools.macro-0.1.5.jar
7fe09808f000-7fe098090000 r--s 00001000 08:01 397942                     /home/tim/.m2/repository/tigris/tigris/0.1.1/tigris-0.1.1.jar
7fe098090000-7fe098092000 r--s 00003000 08:01 393773                     /home/tim/.m2/repository/com/cemerick/austin/0.1.6/austin-0.1.6.jar
7fe098092000-7fe098094000 r--s 0000e000 08:01 399118                     /home/tim/.m2/repository/com/novemberain/langohr/3.3.0/langohr-3.3.0.jar
7fe098094000-7fe098096000 r--s 00000000 08:01 305403                     /home/tim/.m2/repository/org/tcrawley/dynapath/0.2.3/dynapath-0.2.3.jar
7fe098096000-7fe098098000 r--s 00005000 08:01 306223                     /home/tim/.m2/repository/org/clojure/tools.analyzer/0.1.0-beta12/tools.analyzer-0.1.0-beta12.jar
7fe098098000-7fe0980c2000 r--s 00247000 08:01 398601                     /home/tim/.m2/repository/org/apache/lucene/lucene-core/4.10.2/lucene-core-4.10.2.jar
7fe0980c2000-7fe0980c3000 r--s 00002000 08:01 307200                     /home/tim/.m2/repository/jarohen/nomad/0.7.1/nomad-0.7.1.jar
7fe0980c3000-7fe0980c4000 r--s 00001000 08:01 398642                     /home/tim/.m2/repository/clj-tuple/clj-tuple/0.1.5/clj-tuple-0.1.5.jar
7fe0980c4000-7fe0980c7000 r--s 0000f000 08:01 394467                     /usr/lib/jvm/java-7-openjdk-amd64/jre/lib/ext/icedtea-sound.jar
7fe0980c7000-7fe0980ca000 ---p 00000000 00:00 0 
7fe0980ca000-7fe0981c8000 rw-p 00000000 00:00 0                          [stack:10894]
7fe0981c8000-7fe0981cb000 ---p 00000000 00:00 0 
7fe0981cb000-7fe0982c9000 rw-p 00000000 00:00 0                          [stack:10893]
7fe0982c9000-7fe0982cc000 ---p 00000000 00:00 0 
7fe0982cc000-7fe0983ca000 rw-p 00000000 00:00 0                          [stack:10892]
7fe0983ca000-7fe0983cb000 ---p 00000000 00:00 0 
7fe0983cb000-7fe098e80000 rw-p 00000000 00:00 0                          [stack:10891]
7fe098e80000-7fe099031000 r--s 01d27000 08:01 394463                     /usr/lib/jvm/java-7-openjdk-amd64/jre/lib/rt.jar
7fe099031000-7fe0992a2000 rw-p 00000000 00:00 0 
7fe0992a2000-7fe0992a3000 ---p 00000000 00:00 0 
7fe0992a3000-7fe0993a3000 rw-p 00000000 00:00 0                          [stack:10890]
7fe0993a3000-7fe0993a4000 ---p 00000000 00:00 0 
7fe0993a4000-7fe0994cc000 rw-p 00000000 00:00 0                          [stack:10888]
7fe0994cc000-7fe0994f7000 rw-p 00000000 00:00 0 
7fe0994f7000-7fe09950b000 rw-p 00000000 00:00 0 
7fe09950b000-7fe0995d5000 rw-p 00000000 00:00 0 
7fe0995d5000-7fe099622000 rw-p 00000000 00:00 0 
7fe099622000-7fe099644000 ---p 00000000 00:00 0 
7fe099644000-7fe09966a000 rw-p 00000000 00:00 0 
7fe09966a000-7fe0997c5000 rw-p 00000000 00:00 0 
7fe0997c5000-7fe09a105000 rwxp 00000000 00:00 0 
7fe09a105000-7fe09f7c5000 rw-p 00000000 00:00 0 
7fe09f7c5000-7fe09f7cd000 r-xp 00000000 08:01 394438                     /usr/lib/jvm/java-7-openjdk-amd64/jre/lib/amd64/libzip.so
7fe09f7cd000-7fe09f9cc000 ---p 00008000 08:01 394438                     /usr/lib/jvm/java-7-openjdk-amd64/jre/lib/amd64/libzip.so
7fe09f9cc000-7fe09f9cd000 r--p 00007000 08:01 394438                     /usr/lib/jvm/java-7-openjdk-amd64/jre/lib/amd64/libzip.so
7fe09f9cd000-7fe09f9ce000 rw-p 00008000 08:01 394438                     /usr/lib/jvm/java-7-openjdk-amd64/jre/lib/amd64/libzip.so
7fe09f9ce000-7fe09f9d9000 r-xp 00000000 08:01 266750                     /lib/x86_64-linux-gnu/libnss_files-2.19.so
7fe09f9d9000-7fe09fbd8000 ---p 0000b000 08:01 266750                     /lib/x86_64-linux-gnu/libnss_files-2.19.so
7fe09fbd8000-7fe09fbd9000 r--p 0000a000 08:01 266750                     /lib/x86_64-linux-gnu/libnss_files-2.19.so
7fe09fbd9000-7fe09fbda000 rw-p 0000b000 08:01 266750                     /lib/x86_64-linux-gnu/libnss_files-2.19.so
7fe09fbda000-7fe09fbe5000 r-xp 00000000 08:01 266760                     /lib/x86_64-linux-gnu/libnss_nis-2.19.so
7fe09fbe5000-7fe09fde4000 ---p 0000b000 08:01 266760                     /lib/x86_64-linux-gnu/libnss_nis-2.19.so
7fe09fde4000-7fe09fde5000 r--p 0000a000 08:01 266760                     /lib/x86_64-linux-gnu/libnss_nis-2.19.so
7fe09fde5000-7fe09fde6000 rw-p 0000b000 08:01 266760                     /lib/x86_64-linux-gnu/libnss_nis-2.19.so
7fe09fde6000-7fe09fdfd000 r-xp 00000000 08:01 266744                     /lib/x86_64-linux-gnu/libnsl-2.19.so
7fe09fdfd000-7fe09fffc000 ---p 00017000 08:01 266744                     /lib/x86_64-linux-gnu/libnsl-2.19.so
7fe09fffc000-7fe09fffd000 r--p 00016000 08:01 266744                     /lib/x86_64-linux-gnu/libnsl-2.19.so
7fe09fffd000-7fe09fffe000 rw-p 00017000 08:01 266744                     /lib/x86_64-linux-gnu/libnsl-2.19.so
7fe09fffe000-7fe0a0000000 rw-p 00000000 00:00 0 
7fe0a0000000-7fe0a10f9000 rw-p 00000000 00:00 0 
7fe0a10f9000-7fe0a4000000 ---p 00000000 00:00 0 
7fe0a4000000-7fe0a4002000 r--s 00017000 08:01 398613                     /home/tim/.m2/repository/com/spatial4j/spatial4j/0.4.1/spatial4j-0.4.1.jar
7fe0a4002000-7fe0a4063000 rw-p 00000000 00:00 0 
7fe0a4063000-7fe0a408e000 rw-p 00000000 00:00 0 
7fe0a408e000-7fe0a4097000 r-xp 00000000 08:01 266746                     /lib/x86_64-linux-gnu/libnss_compat-2.19.so
7fe0a4097000-7fe0a4296000 ---p 00009000 08:01 266746                     /lib/x86_64-linux-gnu/libnss_compat-2.19.so
7fe0a4296000-7fe0a4297000 r--p 00008000 08:01 266746                     /lib/x86_64-linux-gnu/libnss_compat-2.19.so
7fe0a4297000-7fe0a4298000 rw-p 00009000 08:01 266746                     /lib/x86_64-linux-gnu/libnss_compat-2.19.so
7fe0a4298000-7fe0a42c3000 r-xp 00000000 08:01 394455                     /usr/lib/jvm/java-7-openjdk-amd64/jre/lib/amd64/libjava.so
7fe0a42c3000-7fe0a44c3000 ---p 0002b000 08:01 394455                     /usr/lib/jvm/java-7-openjdk-amd64/jre/lib/amd64/libjava.so
7fe0a44c3000-7fe0a44c4000 r--p 0002b000 08:01 394455                     /usr/lib/jvm/java-7-openjdk-amd64/jre/lib/amd64/libjava.so
7fe0a44c4000-7fe0a44c6000 rw-p 0002c000 08:01 394455                     /usr/lib/jvm/java-7-openjdk-amd64/jre/lib/amd64/libjava.so
7fe0a44c6000-7fe0a44d6000 r-xp 00000000 08:01 394452                     /usr/lib/jvm/java-7-openjdk-amd64/jre/lib/amd64/libverify.so
7fe0a44d6000-7fe0a46d5000 ---p 00010000 08:01 394452                     /usr/lib/jvm/java-7-openjdk-amd64/jre/lib/amd64/libverify.so
7fe0a46d5000-7fe0a46d7000 r--p 0000f000 08:01 394452                     /usr/lib/jvm/java-7-openjdk-amd64/jre/lib/amd64/libverify.so
7fe0a46d7000-7fe0a46d8000 rw-p 00011000 08:01 394452                     /usr/lib/jvm/java-7-openjdk-amd64/jre/lib/amd64/libverify.so
7fe0a46d8000-7fe0a46df000 r-xp 00000000 08:01 266803                     /lib/x86_64-linux-gnu/librt-2.19.so
7fe0a46df000-7fe0a48de000 ---p 00007000 08:01 266803                     /lib/x86_64-linux-gnu/librt-2.19.so
7fe0a48de000-7fe0a48df000 r--p 00006000 08:01 266803                     /lib/x86_64-linux-gnu/librt-2.19.so
7fe0a48df000-7fe0a48e0000 rw-p 00007000 08:01 266803                     /lib/x86_64-linux-gnu/librt-2.19.so
7fe0a48e0000-7fe0a48f6000 r-xp 00000000 08:01 266702                     /lib/x86_64-linux-gnu/libgcc_s.so.1
7fe0a48f6000-7fe0a4af5000 ---p 00016000 08:01 266702                     /lib/x86_64-linux-gnu/libgcc_s.so.1
7fe0a4af5000-7fe0a4af6000 rw-p 00015000 08:01 266702                     /lib/x86_64-linux-gnu/libgcc_s.so.1
7fe0a4af6000-7fe0a4bfb000 r-xp 00000000 08:01 266725                     /lib/x86_64-linux-gnu/libm-2.19.so
7fe0a4bfb000-7fe0a4dfa000 ---p 00105000 08:01 266725                     /lib/x86_64-linux-gnu/libm-2.19.so
7fe0a4dfa000-7fe0a4dfb000 r--p 00104000 08:01 266725                     /lib/x86_64-linux-gnu/libm-2.19.so
7fe0a4dfb000-7fe0a4dfc000 rw-p 00105000 08:01 266725                     /lib/x86_64-linux-gnu/libm-2.19.so
7fe0a4dfc000-7fe0a4ee2000 r-xp 00000000 08:01 5765                       /usr/lib/x86_64-linux-gnu/libstdc++.so.6.0.19
7fe0a4ee2000-7fe0a50e1000 ---p 000e6000 08:01 5765                       /usr/lib/x86_64-linux-gnu/libstdc++.so.6.0.19
7fe0a50e1000-7fe0a50e9000 r--p 000e5000 08:01 5765                       /usr/lib/x86_64-linux-gnu/libstdc++.so.6.0.19
7fe0a50e9000-7fe0a50eb000 rw-p 000ed000 08:01 5765                       /usr/lib/x86_64-linux-gnu/libstdc++.so.6.0.19
7fe0a50eb000-7fe0a5100000 rw-p 00000000 00:00 0 
7fe0a5100000-7fe0a5c18000 r-xp 00000000 08:01 394461                     /usr/lib/jvm/java-7-openjdk-amd64/jre/lib/amd64/server/libjvm.so
7fe0a5c18000-7fe0a5e18000 ---p 00b18000 08:01 394461                     /usr/lib/jvm/java-7-openjdk-amd64/jre/lib/amd64/server/libjvm.so
7fe0a5e18000-7fe0a5eb2000 r--p 00b18000 08:01 394461                     /usr/lib/jvm/java-7-openjdk-amd64/jre/lib/amd64/server/libjvm.so
7fe0a5eb2000-7fe0a5ed5000 rw-p 00bb2000 08:01 394461                     /usr/lib/jvm/java-7-openjdk-amd64/jre/lib/amd64/server/libjvm.so
7fe0a5ed5000-7fe0a5f03000 rw-p 00000000 00:00 0 
7fe0a5f03000-7fe0a5f1b000 r-xp 00000000 08:01 266838                     /lib/x86_64-linux-gnu/libz.so.1.2.8
7fe0a5f1b000-7fe0a611a000 ---p 00018000 08:01 266838                     /lib/x86_64-linux-gnu/libz.so.1.2.8
7fe0a611a000-7fe0a611b000 r--p 00017000 08:01 266838                     /lib/x86_64-linux-gnu/libz.so.1.2.8
7fe0a611b000-7fe0a611c000 rw-p 00018000 08:01 266838                     /lib/x86_64-linux-gnu/libz.so.1.2.8
7fe0a611c000-7fe0a6135000 r-xp 00000000 08:01 266795                     /lib/x86_64-linux-gnu/libpthread-2.19.so
7fe0a6135000-7fe0a6334000 ---p 00019000 08:01 266795                     /lib/x86_64-linux-gnu/libpthread-2.19.so
7fe0a6334000-7fe0a6335000 r--p 00018000 08:01 266795                     /lib/x86_64-linux-gnu/libpthread-2.19.so
7fe0a6335000-7fe0a6336000 rw-p 00019000 08:01 266795                     /lib/x86_64-linux-gnu/libpthread-2.19.so
7fe0a6336000-7fe0a633a000 rw-p 00000000 00:00 0 
7fe0a633a000-7fe0a633d000 r-xp 00000000 08:01 266692                     /lib/x86_64-linux-gnu/libdl-2.19.so
7fe0a633d000-7fe0a653c000 ---p 00003000 08:01 266692                     /lib/x86_64-linux-gnu/libdl-2.19.so
7fe0a653c000-7fe0a653d000 r--p 00002000 08:01 266692                     /lib/x86_64-linux-gnu/libdl-2.19.so
7fe0a653d000-7fe0a653e000 rw-p 00003000 08:01 266692                     /lib/x86_64-linux-gnu/libdl-2.19.so
7fe0a653e000-7fe0a66f9000 r-xp 00000000 08:01 266675                     /lib/x86_64-linux-gnu/libc-2.19.so
7fe0a66f9000-7fe0a68f9000 ---p 001bb000 08:01 266675                     /lib/x86_64-linux-gnu/libc-2.19.so
7fe0a68f9000-7fe0a68fd000 r--p 001bb000 08:01 266675                     /lib/x86_64-linux-gnu/libc-2.19.so
7fe0a68fd000-7fe0a68ff000 rw-p 001bf000 08:01 266675                     /lib/x86_64-linux-gnu/libc-2.19.so
7fe0a68ff000-7fe0a6904000 rw-p 00000000 00:00 0 
7fe0a6904000-7fe0a6911000 r-xp 00000000 08:01 394430                     /usr/lib/jvm/java-7-openjdk-amd64/jre/lib/amd64/jli/libjli.so
7fe0a6911000-7fe0a6b10000 ---p 0000d000 08:01 394430                     /usr/lib/jvm/java-7-openjdk-amd64/jre/lib/amd64/jli/libjli.so
7fe0a6b10000-7fe0a6b11000 r--p 0000c000 08:01 394430                     /usr/lib/jvm/java-7-openjdk-amd64/jre/lib/amd64/jli/libjli.so
7fe0a6b11000-7fe0a6b12000 rw-p 0000d000 08:01 394430                     /usr/lib/jvm/java-7-openjdk-amd64/jre/lib/amd64/jli/libjli.so
7fe0a6b12000-7fe0a6b35000 r-xp 00000000 08:01 266651                     /lib/x86_64-linux-gnu/ld-2.19.so
7fe0a6b35000-7fe0a6b36000 r--s 00001000 08:01 398595                     /home/tim/.m2/repository/com/cognitect/transit-clj/0.8.247/transit-clj-0.8.247.jar
7fe0a6b36000-7fe0a6b3a000 r--s 0003c000 08:01 394469                     /usr/lib/jvm/java-7-openjdk-amd64/jre/lib/ext/sunpkcs11.jar
7fe0a6b3a000-7fe0a6b4e000 rw-p 00000000 00:00 0 
7fe0a6b4e000-7fe0a6c18000 rw-p 00000000 00:00 0 
7fe0a6c18000-7fe0a6c1b000 ---p 00000000 00:00 0 
7fe0a6c1b000-7fe0a6d1e000 rw-p 00000000 00:00 0                          [stack:10885]
7fe0a6d1e000-7fe0a6d21000 r--s 00086000 08:01 394470                     /usr/lib/jvm/java-7-openjdk-amd64/jre/lib/ext/localedata.jar
7fe0a6d21000-7fe0a6d23000 r--s 00012000 08:01 394472                     /usr/lib/jvm/java-7-openjdk-amd64/jre/lib/ext/zipfs.jar
7fe0a6d23000-7fe0a6d24000 r--s 00002000 08:01 394468                     /usr/lib/jvm/java-7-openjdk-amd64/jre/lib/ext/dnsns.jar
7fe0a6d24000-7fe0a6d28000 r--s 00034000 08:01 394471                     /usr/lib/jvm/java-7-openjdk-amd64/jre/lib/ext/sunjce_provider.jar
7fe0a6d28000-7fe0a6d30000 rw-s 00000000 08:01 306251                     /tmp/hsperfdata_tim/10883
7fe0a6d30000-7fe0a6d31000 rw-p 00000000 00:00 0 
7fe0a6d31000-7fe0a6d32000 ---p 00000000 00:00 0 
7fe0a6d32000-7fe0a6d34000 rw-p 00000000 00:00 0 
7fe0a6d34000-7fe0a6d35000 r--p 00022000 08:01 266651                     /lib/x86_64-linux-gnu/ld-2.19.so
7fe0a6d35000-7fe0a6d36000 rw-p 00023000 08:01 266651                     /lib/x86_64-linux-gnu/ld-2.19.so
7fe0a6d36000-7fe0a6d37000 rw-p 00000000 00:00 0 
7fff13dbb000-7fff13ddf000 rw-p 00000000 00:00 0                          [stack]
7fff13dfc000-7fff13dfe000 r-xp 00000000 00:00 0                          [vdso]
7fff13dfe000-7fff13e00000 r--p 00000000 00:00 0                          [vvar]
ffffffffff600000-ffffffffff601000 r-xp 00000000 00:00 0                  [vsyscall]

VM Arguments:
jvm_args: -Dfile.encoding=UTF-8 -XX:+TieredCompilation -XX:TieredStopAtLevel=1 -XX:-OmitStackTraceInFastThrow -Dclojure.compile.path=/home/tim/clojure/logging-dashboard/target/classes -Dlogging-dashboard.version=0.1.0-SNAPSHOT -Dclojure.debug=false 
java_command: clojure.main -i /tmp/form-init1502784856832999497.clj
Launcher Type: SUN_STANDARD

Environment Variables:
CLASSPATH=/home/tim/.lein/self-installs/leiningen-2.5.1-standalone.jar
PATH=/home/tim/bin:/usr/local/sbin:/usr/local/bin:/usr/sbin:/usr/bin:/sbin:/bin:/usr/games:/usr/local/games
SHELL=/bin/bash
DISPLAY=:0

Signal Handlers:
SIGSEGV: [libjvm.so+0x94b9a0], sa_mask[0]=0x7ffbfeff, sa_flags=0x10000004
SIGBUS: [libjvm.so+0x94b9a0], sa_mask[0]=0x7ffbfeff, sa_flags=0x10000004
SIGFPE: [libjvm.so+0x7c3880], sa_mask[0]=0x7ffbfeff, sa_flags=0x10000004
SIGPIPE: SIG_IGN, sa_mask[0]=0x00000000, sa_flags=0x00000000
SIGXFSZ: [libjvm.so+0x7c3880], sa_mask[0]=0x7ffbfeff, sa_flags=0x10000004
SIGILL: [libjvm.so+0x7c3880], sa_mask[0]=0x7ffbfeff, sa_flags=0x10000004
SIGUSR1: SIG_DFL, sa_mask[0]=0x00000000, sa_flags=0x00000000
SIGUSR2: [libjvm.so+0x7c3720], sa_mask[0]=0x00000004, sa_flags=0x10000004
SIGHUP: [libjvm.so+0x7c3900], sa_mask[0]=0x7ffbfeff, sa_flags=0x10000004
SIGINT: [libjvm.so+0x7c3900], sa_mask[0]=0x7ffbfeff, sa_flags=0x10000004
SIGTERM: [libjvm.so+0x7c3900], sa_mask[0]=0x7ffbfeff, sa_flags=0x10000004
SIGQUIT: [libjvm.so+0x7c3900], sa_mask[0]=0x7ffbfeff, sa_flags=0x10000004
SIGTRAP: SIG_DFL, sa_mask[0]=0x00000000, sa_flags=0x00000000


---------------  S Y S T E M  ---------------

OS:Ubuntu 14.04 (trusty)
uname:Linux 3.16.0-30-generic #40~14.04.1-Ubuntu SMP Thu Jan 15 17:43:14 UTC 2015 x86_64
libc:glibc 2.19 NPTL 2.19 
rlimit: STACK 8192k, CORE 0k, NPROC 10070, NOFILE 4096, AS infinity
load average:19.64 15.64 11.74

/proc/meminfo:
MemTotal:        2599548 kB
MemFree:           66772 kB
MemAvailable:      22164 kB
Buffers:             184 kB
Cached:            75772 kB
SwapCached:          316 kB
Active:          1919084 kB
Inactive:         483936 kB
Active(anon):    1917168 kB
Inactive(anon):   481420 kB
Active(file):       1916 kB
Inactive(file):     2516 kB
Unevictable:          16 kB
Mlocked:              16 kB
SwapTotal:       1606652 kB
SwapFree:              0 kB
Dirty:                 0 kB
Writeback:             0 kB
AnonPages:       2326836 kB
Mapped:             2004 kB
Shmem:             71456 kB
Slab:              42592 kB
SReclaimable:      18972 kB
SUnreclaim:        23620 kB
KernelStack:        8384 kB
PageTables:        41444 kB
NFS_Unstable:          0 kB
Bounce:                0 kB
WritebackTmp:          0 kB
CommitLimit:     2906424 kB
Committed_AS:    7437904 kB
VmallocTotal:   34359738367 kB
VmallocUsed:       36992 kB
VmallocChunk:   34359696504 kB
HardwareCorrupted:     0 kB
AnonHugePages:   1073152 kB
HugePages_Total:       0
HugePages_Free:        0
HugePages_Rsvd:        0
HugePages_Surp:        0
Hugepagesize:       2048 kB
DirectMap4k:       46016 kB
DirectMap2M:     2611200 kB


CPU:total 2 (2 cores per cpu, 1 threads per core) family 6 model 60 stepping 3, cmov, cx8, fxsr, mmx, sse, sse2, sse3, ssse3, tsc

/proc/cpuinfo:
processor	: 0
vendor_id	: GenuineIntel
cpu family	: 6
model		: 60
model name	: Intel(R) Core(TM) i7-4790 CPU @ 3.60GHz
stepping	: 3
microcode	: 0x19
cpu MHz		: 3592.622
cache size	: 6144 KB
physical id	: 0
siblings	: 2
core id		: 0
cpu cores	: 2
apicid		: 0
initial apicid	: 0
fpu		: yes
fpu_exception	: yes
cpuid level	: 5
wp		: yes
flags		: fpu vme de pse tsc msr pae mce cx8 apic sep mtrr pge mca cmov pat pse36 clflush mmx fxsr sse sse2 ht syscall nx rdtscp lm constant_tsc rep_good nopl pni ssse3 lahf_lm
bogomips	: 7185.24
clflush size	: 64
cache_alignment	: 64
address sizes	: 39 bits physical, 48 bits virtual
power management:

processor	: 1
vendor_id	: GenuineIntel
cpu family	: 6
model		: 60
model name	: Intel(R) Core(TM) i7-4790 CPU @ 3.60GHz
stepping	: 3
microcode	: 0x19
cpu MHz		: 3592.622
cache size	: 6144 KB
physical id	: 0
siblings	: 2
core id		: 1
cpu cores	: 2
apicid		: 1
initial apicid	: 1
fpu		: yes
fpu_exception	: yes
cpuid level	: 5
wp		: yes
flags		: fpu vme de pse tsc msr pae mce cx8 apic sep mtrr pge mca cmov pat pse36 clflush mmx fxsr sse sse2 ht syscall nx rdtscp lm constant_tsc rep_good nopl pni ssse3 lahf_lm
bogomips	: 7185.24
clflush size	: 64
cache_alignment	: 64
address sizes	: 39 bits physical, 48 bits virtual
power management:



Memory: 4k page, physical 2599548k(66984k free), swap 1606652k(0k free)

vm_info: OpenJDK 64-Bit Server VM (24.79-b02) for linux-amd64 JRE (1.7.0_79-b14), built on Apr 16 2015 08:21:58 by "buildd" with gcc 4.8.2

time: Tue Sep  1 19:27:28 2015
elapsed time: 11397 seconds

